[2026-01-31T19:50:52.749Z] [AI] Generating NPC Profile (nationality: english)...
[2026-01-31T19:51:02.628Z] [AI] Generated Profile: {"name":"Michael","gender":"male","personality":"Michael is moderately talkative, logical, and balanced in trust. He tends to be moderately assertive when discussing facts, avoiding strong emotional reactions.","talkingStyle":"Direct and factual, he uses clear, concise language. He's polite but won't shy from questioning others logically."}
[2026-01-31T19:51:34.097Z] [Game] Triggering AI Actions for 1 NPCs in phase NIGHT
[2026-01-31T19:51:38.111Z] [AI] Generating Night Action for Michael (Doctor)...
[2026-01-31T19:51:39.048Z] [AI] Night Action Decision for Michael: {"action":"NONE","targetName":null}
[2026-01-31T19:52:34.584Z] [Game] Triggering AI Actions for 1 NPCs in phase DAY_DISCUSS
[2026-01-31T19:52:37.753Z] [AI] Generating Chat for Michael...
[2026-01-31T19:52:42.111Z] [AI] Generating Chat for Michael...
[2026-01-31T19:52:45.433Z] [AI] Chat Message from Michael: Did any investigative roles get information from last night?
[2026-01-31T19:52:45.436Z] [Game] TTS enabled (elevenlabs), synthesizing for Michael...
[2026-01-31T19:52:46.833Z] [AI] Chat Message from Michael: Investigator or Lookout, any initial findings from last night?
[2026-01-31T19:52:46.836Z] [Game] TTS enabled (elevenlabs), synthesizing for Michael...
[2026-01-31T19:52:47.240Z] [Game] Sent TTS audio to host for Michael
[2026-01-31T19:52:47.523Z] [Game] Sent TTS audio to host for Michael
[2026-01-31T19:53:12.209Z] [AI] Generating Chat for Michael...
[2026-01-31T19:53:19.374Z] [AI] Chat Message from Michael: Please use English. Any info from investigative roles?
[2026-01-31T19:53:19.375Z] [Game] TTS enabled (elevenlabs), synthesizing for Michael...
[2026-01-31T19:53:20.002Z] [Game] Sent TTS audio to host for Michael
[2026-01-31T19:53:20.892Z] [Game] NPC Michael is on cooldown, skipping chat response
[2026-01-31T19:53:29.952Z] [AI] Generating Chat for Michael...
[2026-01-31T19:53:36.477Z] [AI] Chat Message from Michael: Буратино, did anyone visit Бабушкина, or was there no activity?
[2026-01-31T19:53:36.478Z] [Game] TTS enabled (elevenlabs), synthesizing for Michael...
[2026-01-31T19:53:37.127Z] [Game] Sent TTS audio to host for Michael
[2026-01-31T19:53:47.614Z] [AI] Generating Chat for Michael...
[2026-01-31T19:53:51.315Z] [AI] Chat Message from Michael: Thanks, Буратино. That's useful. Has an Investigator checked anyone?
[2026-01-31T19:53:51.316Z] [Game] TTS enabled (elevenlabs), synthesizing for Michael...
[2026-01-31T19:53:51.974Z] [Game] Sent TTS audio to host for Michael
[2026-01-31T19:53:59.766Z] [AI] Generating Chat for Michael...
[2026-01-31T19:54:03.668Z] [AI] Generating Chat for Michael...
[2026-01-31T19:54:04.504Z] [AI] Chat Message from Michael: Дядя Саша, what is your role? A 'peaceful' claim is not verifiable on Day 1.
[2026-01-31T19:54:04.506Z] [Game] TTS enabled (elevenlabs), synthesizing for Michael...
[2026-01-31T19:54:05.201Z] [Game] Sent TTS audio to host for Michael
[2026-01-31T19:54:08.528Z] [AI] Chat Message from Michael: Бабушкина, please use English. Any Investigator findings to share?
[2026-01-31T19:54:08.535Z] [Game] TTS enabled (elevenlabs), synthesizing for Michael...
[2026-01-31T19:54:09.167Z] [Game] Sent TTS audio to host for Michael
[2026-01-31T19:54:11.778Z] [Game] NPC Michael is on cooldown, skipping chat response
[2026-01-31T19:54:22.537Z] [AI] Generating Chat for Michael...
[2026-01-31T19:54:28.940Z] [AI] Chat Message from Michael: Gaisrininkas, who was the target of the investigation?
[2026-01-31T19:54:28.941Z] [Game] TTS enabled (elevenlabs), synthesizing for Michael...
[2026-01-31T19:54:29.553Z] [Game] Sent TTS audio to host for Michael
[2026-01-31T19:54:35.460Z] [Game] Triggering AI Actions for 1 NPCs in phase DAY_VOTE
[2026-01-31T19:54:36.932Z] [AI] Generating Day Vote for Michael...
[2026-01-31T19:54:42.344Z] [AI] Vote Decision for Michael: {"vote":"Бабушкина Марина Валерьевна"}
[2026-01-31T19:54:42.344Z] [Game] NPC Michael voted for Бабушкина Марина Валерьевна
[2026-01-31T19:54:43.829Z] [AI] Re-evaluating Vote for Michael (Currently voting: Бабушкина Марина Валерьевна)...
[2026-01-31T19:54:48.347Z] [AI] Updated Vote Decision for Michael: {"vote":"Бабушкина Марина Валерьевна"}
[2026-01-31T19:54:50.569Z] [Game] Triggering AI Actions for 1 NPCs in phase NIGHT
[2026-01-31T19:54:56.515Z] [AI] Generating Night Action for Michael (Doctor)...
[2026-01-31T19:55:02.008Z] [AI] Night Action Decision for Michael: {"action":"HEAL","targetName":"Michael"}
[2026-01-31T19:55:51.054Z] [Game] Triggering AI Actions for 1 NPCs in phase DAY_DISCUSS
[2026-01-31T19:55:55.864Z] [AI] Generating Chat for Michael...
[2026-01-31T19:55:56.573Z] [AI] Generating Chat for Michael...
[2026-01-31T19:55:59.777Z] [AI] Chat Message from Michael: I healed myself on Night 2. A turning occurred, so a new vampire exists.
[2026-01-31T19:55:59.779Z] [Game] TTS enabled (elevenlabs), synthesizing for Michael...
[2026-01-31T19:56:00.599Z] [Game] Sent TTS audio to host for Michael
[2026-01-31T19:56:01.768Z] [AI] Chat Message from Michael: I am the Doctor. I healed myself on Night 2.
[2026-01-31T19:56:01.769Z] [Game] TTS enabled (elevenlabs), synthesizing for Michael...
[2026-01-31T19:56:02.229Z] [Game] Sent TTS audio to host for Michael
[2026-01-31T19:56:19.979Z] [AI] Generating Chat for Michael...
[2026-01-31T19:56:23.755Z] [AI] Chat Message from Michael: I am Doctor. Protecting myself was logical on an even night.
[2026-01-31T19:56:23.756Z] [Game] TTS enabled (elevenlabs), synthesizing for Michael...
[2026-01-31T19:56:24.411Z] [Game] Sent TTS audio to host for Michael
[2026-01-31T19:56:41.518Z] [AI] Generating Chat for Michael...
[2026-01-31T19:56:44.939Z] [AI] Chat Message from Michael: I am the Doctor. I cannot jail players. That is not my ability.
[2026-01-31T19:56:44.940Z] [Game] TTS enabled (elevenlabs), synthesizing for Michael...
[2026-01-31T19:56:45.606Z] [Game] Sent TTS audio to host for Michael
[2026-01-31T19:56:52.137Z] [AI] Generating Chat for Michael...
[2026-01-31T19:56:57.807Z] [AI] Chat Message from Michael: Буратино, I am Doctor. I do not jail. Why are you claiming this?
[2026-01-31T19:56:57.809Z] [Game] TTS enabled (elevenlabs), synthesizing for Michael...
[2026-01-31T19:56:58.493Z] [Game] Sent TTS audio to host for Michael
[2026-01-31T19:57:05.442Z] [AI] Generating Chat for Michael...
[2026-01-31T19:57:09.865Z] [AI] Chat Message from Michael: Understood. My role is Doctor. I cannot jail. Буратино's claim is false.
[2026-01-31T19:57:09.867Z] [Game] TTS enabled (elevenlabs), synthesizing for Michael...
[2026-01-31T19:57:10.574Z] [Game] Sent TTS audio to host for Michael
[2026-01-31T19:57:30.389Z] [AI] Generating Chat for Michael...
[2026-01-31T19:57:34.570Z] [AI] Chat Message from Michael: Дядя Саша, a Doctor cannot jail. Буратино's false claim is suspicious.
[2026-01-31T19:57:34.571Z] [Game] TTS enabled (elevenlabs), synthesizing for Michael...
[2026-01-31T19:57:35.303Z] [Game] Sent TTS audio to host for Michael
[2026-01-31T19:57:51.939Z] [Game] Triggering AI Actions for 1 NPCs in phase DAY_VOTE
[2026-01-31T19:57:53.030Z] [AI] Generating Day Vote for Michael...
[2026-01-31T19:57:58.381Z] [AI] Vote Decision for Michael: {"vote":"Буратино"}
[2026-01-31T19:57:58.382Z] [Game] NPC Michael voted for Буратино
[2026-01-31T19:57:59.471Z] [AI] Re-evaluating Vote for Michael (Currently voting: Буратино)...
[2026-01-31T19:58:07.067Z] [Game] Triggering AI Actions for 1 NPCs in phase NIGHT
[2026-01-31T19:58:10.044Z] [AI] Generating Night Action for Michael (Doctor)...
[2026-01-31T19:59:07.447Z] [Game] Triggering AI Actions for 1 NPCs in phase DAY_DISCUSS
[2026-01-31T19:59:11.111Z] [AI] Generating Chat for Michael...
[2026-01-31T19:59:15.923Z] [AI] Generating Chat for Michael...
[2026-01-31T19:59:59.896Z] [AI] Generating Chat for Michael...
[2026-01-31T20:00:18.690Z] [AI] Generating Chat for Michael...
[2026-01-31T20:00:49.402Z] [AI] Generating Chat for Michael...
[2026-01-31T20:00:53.813Z] [AI] Generating Chat for Michael...
[2026-01-31T20:00:54.380Z] [AI] Generating Chat for Michael...
[2026-01-31T20:01:08.398Z] [Game] Triggering AI Actions for 1 NPCs in phase DAY_VOTE
[2026-01-31T20:01:09.764Z] [AI] Generating Day Vote for Michael...
[2026-01-31T20:01:11.954Z] [AI] Re-evaluating Vote for Michael (Currently voting: null)...
[2026-01-31T20:01:23.498Z] [Game] Triggering AI Actions for 1 NPCs in phase NIGHT
[2026-01-31T20:01:29.164Z] [AI] Generating Night Action for Michael (Doctor)...