[2025-12-28T16:43:25.441Z] [AI] Generating NPC Profile (nationality: english)...
[2025-12-28T16:43:32.613Z] [AI] Generated Profile: {"name":"Emily","gender":"female","personality":"Emily is a balanced player, moderately talkative and analytical, who trusts cautiously but becomes assertive when she identifies inconsistencies.","talkingStyle":"Communicates clearly and directly, using neutral language and asking pointed, fact-checking questions."}
[2025-12-28T16:43:56.143Z] [Game] Assigned fake role Investigator to evil NPC Emily (Vampire)
[2025-12-28T16:43:56.148Z] [Game] Triggering AI Actions for 1 NPCs in phase NIGHT
[2025-12-28T16:44:01.404Z] [AI] Generating Night Action for Emily (Vampire)...
[2025-12-28T16:44:05.227Z] [AI] Night Action Decision for Emily: {"action":"INVESTIGATE","targetName":"Robertas"}
[2025-12-28T16:44:56.574Z] [Game] Triggering AI Actions for 1 NPCs in phase DAY_DISCUSS
[2025-12-28T16:45:00.998Z] [AI] Generating Chat for Emily...
[2025-12-28T16:45:06.145Z] [AI] Generating Chat for Emily...
[2025-12-28T16:45:17.323Z] [AI] Chat Message from Emily: Good morning. Let's discuss. Any initial thoughts or actions to share?
[2025-12-28T16:45:17.329Z] [Game] TTS enabled (elevenlabs), synthesizing for Emily...
[2025-12-28T16:45:17.729Z] [AI] Chat Message from Emily: I investigated Robertas N1. My result shows he is a Vampire Framer.
[2025-12-28T16:45:17.730Z] [Game] TTS enabled (elevenlabs), synthesizing for Emily...
[2025-12-28T16:45:18.681Z] [Game] Sent TTS audio to host for Emily
[2025-12-28T16:45:18.751Z] [Game] Sent TTS audio to host for Emily
[2025-12-28T16:46:55.609Z] [AI] Generating Chat for Emily...
[2025-12-28T16:46:57.534Z] [Game] Triggering AI Actions for 1 NPCs in phase DAY_VOTE
[2025-12-28T16:46:58.133Z] [AI] Generating Day Vote for Emily...
[2025-12-28T16:47:06.264Z] [AI] Chat Message from Emily: Who is attacking me, Steponas? I reported Robertas as Vampire Framer.
[2025-12-28T16:47:12.646Z] [Game] Triggering AI Actions for 1 NPCs in phase NIGHT
[2025-12-28T16:47:16.678Z] [AI] Generating Night Action for Emily (Vampire)...
[2025-12-28T16:47:17.691Z] [AI] Vote Decision for Emily: {"vote":"Robertas"}
[2025-12-28T16:47:17.694Z] [Game] NPC Emily voted for Robertas
[2025-12-28T16:47:21.466Z] [AI] Night Action Decision for Emily: {"action":"BITE","targetName":"Mykolas"}
[2025-12-28T16:48:13.175Z] [Game] Triggering AI Actions for 1 NPCs in phase DAY_DISCUSS
[2025-12-28T16:48:15.200Z] [AI] Generating Chat for Emily...
[2025-12-28T16:48:19.445Z] [AI] Chat Message from Emily: I investigated Robertas N1. They came up as a Vampire Framer. We should discuss this.
[2025-12-28T16:48:19.447Z] [Game] TTS enabled (elevenlabs), synthesizing for Emily...
[2025-12-28T16:48:19.714Z] [Game] NPC Emily is on cooldown, skipping chat response
[2025-12-28T16:48:20.824Z] [Game] Sent TTS audio to host for Emily
[2025-12-28T16:48:38.624Z] [AI] Generating Chat for Emily...
[2025-12-28T16:48:44.289Z] [AI] Chat Message from Emily: Thank you, Steponas. My investigation shows Robertas is a Vampire Framer. We should vote them.
[2025-12-28T16:48:44.292Z] [Game] TTS enabled (elevenlabs), synthesizing for Emily...
[2025-12-28T16:48:45.424Z] [Game] Sent TTS audio to host for Emily
[2025-12-28T16:49:47.316Z] [AI] Generating Chat for Emily...
[2025-12-28T16:49:54.242Z] [AI] Generating Chat for Emily...
[2025-12-28T16:49:54.261Z] [AI] Chat Message from Emily: Who is Nicholas? My investigation shows Robertas is Framer.
[2025-12-28T16:49:54.266Z] [Game] TTS enabled (elevenlabs), synthesizing for Emily...
[2025-12-28T16:49:55.782Z] [Game] Sent TTS audio to host for Emily
[2025-12-28T16:49:58.182Z] [AI] Chat Message from Emily: I am Emily, the Investigator. I shared my N1 result.
[2025-12-28T16:49:58.183Z] [Game] TTS enabled (elevenlabs), synthesizing for Emily...
[2025-12-28T16:50:01.857Z] [Game] Sent TTS audio to host for Emily
[2025-12-28T16:50:14.176Z] [Game] Triggering AI Actions for 1 NPCs in phase DAY_VOTE
[2025-12-28T16:50:14.861Z] [AI] Generating Day Vote for Emily...
[2025-12-28T16:50:29.301Z] [Game] Triggering AI Actions for 1 NPCs in phase NIGHT
[2025-12-28T16:50:31.024Z] [AI] Vote Decision for Emily: {"vote":"Robertas"}
[2025-12-28T16:50:31.025Z] [Game] NPC Emily voted for Robertas
[2025-12-28T16:50:32.658Z] [AI] Generating Night Action for Emily (Vampire)...
[2025-12-28T16:50:36.801Z] [AI] Night Action Decision for Emily: {"action":"INVESTIGATE","targetName":"Steponas"}
[2025-12-28T16:51:29.732Z] [Game] Triggering AI Actions for 1 NPCs in phase DAY_DISCUSS
[2025-12-28T16:51:34.734Z] [AI] Generating Chat for Emily...
[2025-12-28T16:51:37.087Z] [AI] Generating Chat for Emily...
[2025-12-28T16:51:42.177Z] [AI] Chat Message from Emily: I investigated Robertas N1, they are a Vampire Framer. Steponas is a Vampire from N3.
[2025-12-28T16:51:42.180Z] [Game] TTS enabled (elevenlabs), synthesizing for Emily...
[2025-12-28T16:51:43.416Z] [Game] Sent TTS audio to host for Emily
[2025-12-28T16:51:58.540Z] [AI] Chat Message from Emily: I investigated Robertas on N1. He is a Vampire Framer.
[2025-12-28T16:51:58.541Z] [Game] TTS enabled (elevenlabs), synthesizing for Emily...
[2025-12-28T16:51:59.368Z] [Game] Sent TTS audio to host for Emily
[2025-12-28T16:52:39.061Z] [AI] Generating Chat for Emily...
[2025-12-28T16:52:57.798Z] [AI] Chat Message from Emily: My N1 check confirmed Robertas is a Vampire Framer. You, Steponas, are also a Vampire from N3.
[2025-12-28T16:52:57.803Z] [Game] TTS enabled (elevenlabs), synthesizing for Emily...
[2025-12-28T16:52:59.076Z] [Game] Sent TTS audio to host for Emily
[2025-12-28T16:53:00.652Z] [AI] Generating Chat for Emily...
[2025-12-28T16:53:06.091Z] [AI] Chat Message from Emily: Only Robertas N1 and Steponas N3 were my investigations.
[2025-12-28T16:53:06.093Z] [Game] TTS enabled (elevenlabs), synthesizing for Emily...
[2025-12-28T16:53:08.055Z] [Game] Sent TTS audio to host for Emily
[2025-12-28T16:53:21.715Z] [AI] Generating Chat for Emily...
[2025-12-28T16:53:30.584Z] [Game] Triggering AI Actions for 1 NPCs in phase DAY_VOTE
[2025-12-28T16:53:32.057Z] [AI] Generating Day Vote for Emily...
[2025-12-28T16:53:45.716Z] [Game] Triggering AI Actions for 1 NPCs in phase NIGHT
[2025-12-28T16:53:47.940Z] [AI] Chat Message from Emily: Steponas, you're a Vampire. Why are you grilling me about N2? Let's vote out confirmed evils.
[2025-12-28T16:53:51.993Z] [AI] Generating Night Action for Emily (Vampire)...
[2025-12-28T16:54:00.872Z] [AI] Vote Decision for Emily: {"vote":"Steponas"}
[2025-12-28T16:54:00.873Z] [Game] NPC Emily voted for Steponas
[2025-12-28T16:54:00.877Z] [AI] Night Action Decision for Emily: {"action":"INVESTIGATE","targetName":"ANTANOVIČIUS ANTANAS"}