[2025-12-26T21:29:48.938Z] [AI] Generating NPC Profile (nationality: english)...
[2025-12-26T21:29:50.939Z] [AI] Generating NPC Profile (nationality: english)...
[2025-12-26T21:29:51.613Z] [AI] Generating NPC Profile (nationality: english)...
[2025-12-26T21:29:52.092Z] [AI] Generating NPC Profile (nationality: english)...
[2025-12-26T21:29:52.569Z] [AI] Generating NPC Profile (nationality: english)...
[2025-12-26T21:29:54.136Z] [AI] Generated Profile: {"name":"Olivia","gender":"female","personality":"Olivia is a moderately talkative and open-minded player, usually balanced in her analysis, and fairly assertive when sharing her thoughts.","talkingStyle":"Clear and direct communication, with a neutral, polite tone and naturally varied sentence length."}
[2025-12-26T21:29:57.469Z] [AI] Generated Profile: {"name":"Olivia","gender":"female","personality":"Olivia is moderately talkative, generally trusting but observant, and becomes slightly more assertive when she feels she has strong evidence.","talkingStyle":"Speaks clearly and directly, using varied sentence structures and a generally polite tone."}
[2025-12-26T21:29:58.226Z] [AI] Generated Profile: {"name":"Olivia","gender":"female","personality":"A moderately talkative and logical player, she's generally balanced in trust but can become somewhat defensive if unfairly targeted.","talkingStyle":"Uses clear, direct language with a neutral tone, asking pointed questions and offering observations concisely."}
[2025-12-26T21:29:59.252Z] [AI] Generated Profile: {"name":"Olivia","gender":"female","personality":"A moderately talkative and logically analytical player with a balanced skepticism, she's reasonably assertive and explains her reasoning clearly.","talkingStyle":"Speaks clearly and directly with a neutral, polite tone. Uses varied sentence lengths to articulate thoughts logically."}
[2025-12-26T21:30:01.108Z] [AI] Generated Profile: {"name":"Olivia","gender":"female","personality":"Moderately talkative and analytical, Olivia maintains a balanced trust level. She becomes moderately assertive when presenting her logical deductions.","talkingStyle":"Speaks clearly and directly, using a neutral, conversational tone. She is polite but firm."}
[2025-12-26T21:30:09.103Z] [AI] Generating NPC Profile (nationality: english)...
[2025-12-26T21:30:15.211Z] [AI] Generated Profile: {"name":"Jessica","gender":"female","personality":"Moderately talkative and balanced, Jessica uses intuition to form opinions, becoming moderately assertive and slightly defensive if directly questioned.","talkingStyle":"She speaks clearly and directly, using varied sentence structures and maintaining a polite yet firm tone."}
[2025-12-26T21:30:16.839Z] [AI] Generating NPC Profile (nationality: english)...
[2025-12-26T21:30:27.180Z] [AI] Generated Profile: {"name":"David","gender":"male","personality":"David is a moderately talkative and logical player, approaching the game with a balanced skepticism and assertively presenting his observations.","talkingStyle":"Speaks clearly and directly with a neutral tone. Uses well-structured sentences, offering concise points and brief explanations."}
[2025-12-26T21:30:30.870Z] [AI] Generating NPC Profile (nationality: english)...
[2025-12-26T21:30:31.360Z] [AI] Generating NPC Profile (nationality: english)...
[2025-12-26T21:30:36.703Z] [AI] Generated Profile: {"name":"Daniel","gender":"male","personality":"A moderately talkative player who approaches discussions with a balanced skepticism, often trying to analyze different perspectives.","talkingStyle":"Speaks clearly and directly, often asking follow-up questions to understand nuances."}
[2025-12-26T21:30:37.936Z] [AI] Generated Profile: {"name":"Sarah","gender":"female","personality":"A moderately talkative player who approaches discussions with a balanced skepticism, relying on both intuition and careful observation.","talkingStyle":"Polite but direct, using clear, concise language to express her thoughts and questions."}
[2025-12-26T21:31:52.703Z] [Game] Assigned fake role Citizen to evil NPC David (Jester)
[2025-12-26T21:31:52.705Z] [Game] Triggering AI Actions for 5 NPCs in phase NIGHT
[2025-12-26T21:31:55.431Z] [AI] Generating Night Action for David (Jester)...
[2025-12-26T21:31:55.865Z] [AI] Generating Night Action for Sarah (Jailor)...
[2025-12-26T21:31:56.561Z] [AI] Generating Night Action for Jessica (Doctor)...
[2025-12-26T21:31:57.811Z] [AI] Night Action Decision for David: {"action":"NONE","targetName":null}
[2025-12-26T21:31:58.444Z] [AI] Generating Night Action for Olivia (Investigator)...
[2025-12-26T21:31:58.744Z] [AI] Generating Night Action for Daniel (Lookout)...
[2025-12-26T21:31:59.217Z] [AI] Night Action Decision for Sarah: {"action":"JAIL","targetName":"Daniel"}
[2025-12-26T21:31:59.218Z] [Game] NPC Jailor Sarah jailed Daniel
[2025-12-26T21:31:59.218Z] [Game] Starting NPC Jailor interrogation: Sarah -> Daniel
[2025-12-26T21:31:59.453Z] [AI] Night Action Decision for Jessica: {"action":"NONE","targetName":null}
[2025-12-26T21:32:00.166Z] [AI] Night Action Decision for Olivia: {"action":"INVESTIGATE","targetName":"Daniel"}
[2025-12-26T21:32:03.089Z] [AI] Generating Jailor Interrogation for Sarah...
[2025-12-26T21:32:03.538Z] [AI] Night Action Decision for Daniel: {"action":"LOOKOUT","targetName":"Steponas"}
[2025-12-26T21:32:05.004Z] [AI] Jailor Message from Sarah: What is your role and alignment, Daniel? What were your N1 plans?
[2025-12-26T21:32:06.357Z] [AI] Generating Jail Response for Daniel...
[2025-12-26T21:32:08.361Z] [AI] Jail Response from Daniel: Lookout, Good. I planned to watch someone, maybe Steponas, tonight for visitors.
[2025-12-26T21:32:11.020Z] [AI] Generating Jailor Interrogation for Sarah...
[2025-12-26T21:32:11.541Z] [Game] Triggering AI Actions for 5 NPCs in phase DAY_DISCUSS
[2025-12-26T21:32:15.095Z] [AI] Generating Chat for Daniel...
[2025-12-26T21:32:16.805Z] [AI] Jailor Message from Sarah: Why Steponas as your N1 watch target?
[2025-12-26T21:32:18.682Z] [AI] Generating Chat for Olivia...
[2025-12-26T21:32:20.725Z] [AI] Chat Message from Olivia: I investigated Daniel last night. He is a Lookout.
[2025-12-26T21:32:20.725Z] [Game] TTS enabled (elevenlabs), synthesizing for Olivia...
[2025-12-26T21:32:21.441Z] [AI] Chat Message from Daniel: I watched Steponas last night, no one visited him. Sarah jailed me but then released me.
[2025-12-26T21:32:21.442Z] [Game] TTS enabled (elevenlabs), synthesizing for Daniel...
[2025-12-26T21:32:21.658Z] [Game] Sent TTS audio to host for Olivia
[2025-12-26T21:32:23.231Z] [AI] Generating Chat for Jessica...
[2025-12-26T21:32:23.297Z] [Game] Sent TTS audio to host for Daniel
[2025-12-26T21:32:27.521Z] [AI] Generating Chat for David...
[2025-12-26T21:32:37.444Z] [AI] Generating Chat for Daniel...
[2025-12-26T21:32:38.629Z] [AI] Generating Chat for Sarah...
[2025-12-26T21:32:38.813Z] [AI] Chat Message from Jessica: It's good to hear these claims for town. Let's see how things develop.
[2025-12-26T21:32:38.814Z] [Game] TTS enabled (elevenlabs), synthesizing for Jessica...
[2025-12-26T21:32:39.669Z] [Game] Sent TTS audio to host for Jessica
[2025-12-26T21:32:43.316Z] [AI] Chat Message from Daniel: Olivia's claim checks out. Sarah, why did you jail me N1?
[2025-12-26T21:32:43.317Z] [Game] TTS enabled (elevenlabs), synthesizing for Daniel...
[2025-12-26T21:32:44.543Z] [Game] Sent TTS audio to host for Daniel
[2025-12-26T21:32:49.039Z] [AI] Generating Chat for Olivia...
[2025-12-26T21:32:49.511Z] [AI] Chat Message from Sarah: I did jail Daniel last night. Olivia, you're sure he's Lookout?
[2025-12-26T21:32:49.511Z] [Game] TTS enabled (elevenlabs), synthesizing for Sarah...
[2025-12-26T21:32:50.323Z] [Game] Sent TTS audio to host for Sarah
[2025-12-26T21:32:51.433Z] [AI] Generating Chat for David...
[2025-12-26T21:32:53.088Z] [AI] Chat Message from Olivia: Steponas, '1 part' is not a role. I am the Investigator, and Daniel is a Lookout.
[2025-12-26T21:32:53.089Z] [Game] TTS enabled (elevenlabs), synthesizing for Olivia...
[2025-12-26T21:32:53.894Z] [Game] Sent TTS audio to host for Olivia
[2025-12-26T21:32:54.473Z] [AI] Generating Chat for Daniel...
[2025-12-26T21:32:59.584Z] [AI] Chat Message from Daniel: Steponas, '1 part' isn't a role. Your claim is highly suspicious. Sarah, why did you jail me N1?
[2025-12-26T21:32:59.585Z] [Game] TTS enabled (elevenlabs), synthesizing for Daniel...
[2025-12-26T21:33:00.666Z] [Game] Sent TTS audio to host for Daniel
[2025-12-26T21:33:02.368Z] [AI] Chat Message from David: Daniel, your quick confirmation of Olivia feels rushed. Steponas's claim still stands against her.
[2025-12-26T21:33:02.369Z] [Game] TTS enabled (elevenlabs), synthesizing for David...
[2025-12-26T21:33:03.045Z] [Game] Sent TTS audio to host for David
[2025-12-26T21:33:05.026Z] [AI] Generating Chat for Daniel...
[2025-12-26T21:33:05.657Z] [AI] Generating Chat for Jessica...
[2025-12-26T21:33:11.893Z] [AI] Chat Message from Jessica: Steponas, your changing claim from '1 part' to 'all VA is vampire' is highly suspect.
[2025-12-26T21:33:11.894Z] [Game] TTS enabled (elevenlabs), synthesizing for Jessica...
[2025-12-26T21:33:12.906Z] [Game] Sent TTS audio to host for Jessica
[2025-12-26T21:33:13.483Z] [AI] Chat Message from Daniel: Olivia claiming me as Lookout confirms her claim to me. Steponas, your changing claims and "all the VA is vampire" sound very suspicious.
[2025-12-26T21:33:13.485Z] [Game] TTS enabled (elevenlabs), synthesizing for Daniel...
[2025-12-26T21:33:15.181Z] [Game] Sent TTS audio to host for Daniel
[2025-12-26T21:33:43.675Z] [AI] Generating Chat for Olivia...
[2025-12-26T21:33:45.542Z] [AI] Generating Chat for Jessica...
[2025-12-26T21:33:50.185Z] [AI] Generating Chat for Sarah...
[2025-12-26T21:33:50.287Z] [AI] Chat Message from Olivia: Yes Sarah, Daniel is a Lookout. Steponas, your changing claims are very suspicious.
[2025-12-26T21:33:50.288Z] [Game] TTS enabled (elevenlabs), synthesizing for Olivia...
[2025-12-26T21:33:51.507Z] [Game] Sent TTS audio to host for Olivia
[2025-12-26T21:33:53.255Z] [AI] Chat Message from Jessica: A typo doesn't explain 'all the VA is vampire,' Steponas. That's a different accusation.
[2025-12-26T21:33:53.256Z] [Game] TTS enabled (elevenlabs), synthesizing for Jessica...
[2025-12-26T21:33:53.981Z] [Game] Sent TTS audio to host for Jessica
[2025-12-26T21:33:59.349Z] [AI] Chat Message from Sarah: Daniel, I jailed you to observe and gather information. Steponas, your changing claims are very suspicious.
[2025-12-26T21:33:59.350Z] [Game] TTS enabled (elevenlabs), synthesizing for Sarah...
[2025-12-26T21:34:00.798Z] [Game] Sent TTS audio to host for Sarah
[2025-12-26T21:34:12.405Z] [Game] Triggering AI Actions for 5 NPCs in phase DAY_VOTE
[2025-12-26T21:34:13.118Z] [AI] Generating Day Vote for Olivia...
[2025-12-26T21:34:13.368Z] [AI] Generating Day Vote for David...
[2025-12-26T21:34:13.594Z] [AI] Generating Day Vote for Daniel...
[2025-12-26T21:34:13.717Z] [AI] Generating Day Vote for Jessica...
[2025-12-26T21:34:14.232Z] [AI] Generating Day Vote for Sarah...
[2025-12-26T21:34:19.337Z] [AI] Vote Decision for Olivia: {"vote":"Steponas"}
[2025-12-26T21:34:19.337Z] [Game] NPC Olivia voted for Steponas
[2025-12-26T21:34:20.061Z] [AI] Vote Decision for Jessica: {"vote":"Steponas"}
[2025-12-26T21:34:20.062Z] [Game] NPC Jessica voted for Steponas
[2025-12-26T21:34:20.912Z] [AI] Vote Decision for Daniel: {"vote":"Steponas"}
[2025-12-26T21:34:20.913Z] [Game] NPC Daniel voted for Steponas
[2025-12-26T21:34:22.266Z] [AI] Vote Decision for Sarah: {"vote":"Steponas"}
[2025-12-26T21:34:22.266Z] [Game] NPC Sarah voted for Steponas
[2025-12-26T21:34:26.377Z] [AI] Vote Decision for David: {"vote":"Olivia"}
[2025-12-26T21:34:26.378Z] [Game] NPC David voted for Olivia