[2025-12-27T16:54:55.738Z] [AI] Generating NPC Profile (nationality: english)...
[2025-12-27T16:54:56.025Z] [AI] Generating NPC Profile (nationality: english)...
[2025-12-27T16:54:56.351Z] [AI] Generating NPC Profile (nationality: english)...
[2025-12-27T16:54:56.717Z] [AI] Generating NPC Profile (nationality: english)...
[2025-12-27T16:54:56.949Z] [AI] Generating NPC Profile (nationality: english)...
[2025-12-27T16:54:59.019Z] [AI] Generated Profile: {"name":"Sarah","gender":"female","personality":"Moderately talkative and generally trusting, but becomes somewhat defensive if directly accused, preferring a pragmatic and balanced approach.","talkingStyle":"Speaks clearly and directly, using neutral to slightly casual language, with varied sentence lengths to explain points."}
[2025-12-27T16:55:00.166Z] [AI] Generated Profile: {"name":"Olivia","gender":"female","personality":"A moderately talkative player who values logical arguments, generally balanced in trust, and calmly assertive when presenting her case.","talkingStyle":"Speaks clearly and directly, using varied sentence structures to explain her thoughts and observations politely."}
[2025-12-27T16:55:00.204Z] [AI] Generated Profile: {"name":"Emily","gender":"female","personality":"Moderately talkative and generally trusting, but becomes skeptical under pressure. She is fairly logical, and will assert her deductions respectfully.","talkingStyle":"Speaks in a clear, conversational tone, varying sentence length, and is politely direct with questions."}
[2025-12-27T16:55:02.464Z] [AI] Generated Profile: {"name":"Daniel","gender":"male","personality":"A reserved but logical player, Daniel is somewhat quiet and skeptical, preferring to observe before making assertions.","talkingStyle":"Speaks in a calm, measured tone, using deliberate word choice to make his points clearly and respectfully."}
[2025-12-27T16:55:03.072Z] [AI] Generated Profile: {"name":"Daniel","gender":"male","personality":"Somewhat quiet and analytical, Daniel is naturally skeptical but maintains a laid-back demeanor. He tends to be reserved, preferring to observe.","talkingStyle":"Speaks clearly and concisely, using deliberate word choices. His tone is neutral, often pausing before offering logical points."}
[2025-12-27T16:55:15.121Z] [AI] Generating NPC Profile (nationality: english)...
[2025-12-27T16:55:21.688Z] [AI] Generated Profile: {"name":"Michael","gender":"male","personality":"A moderately talkative and logical thinker, he approaches discussions with a balanced skepticism, asserting his points calmly when convinced.","talkingStyle":"Clear and direct, he uses precise language to articulate logical arguments, maintaining a polite but firm tone."}
[2025-12-27T16:55:25.976Z] [Game] Assigned fake role Doctor to evil NPC Emily (Vampire)
[2025-12-27T16:55:25.978Z] [Game] Triggering AI Actions for 5 NPCs in phase NIGHT
[2025-12-27T16:55:28.167Z] [Game] Triggering AI Actions for 5 NPCs in phase DAY_DISCUSS
[2025-12-27T16:55:29.879Z] [AI] Generating Night Action for Olivia (Jailor)...
[2025-12-27T16:55:30.008Z] [AI] Generating Night Action for Daniel (Doctor)...
[2025-12-27T16:55:30.127Z] [AI] Generating Night Action for Emily (Vampire)...
[2025-12-27T16:55:30.845Z] [AI] Generating Night Action for Michael (Lookout)...
[2025-12-27T16:55:30.898Z] [AI] Generating Night Action for Sarah (Investigator)...
[2025-12-27T16:55:31.166Z] [AI] Night Action Decision for Daniel: {"action":"NONE","targetName":null}
[2025-12-27T16:55:32.411Z] [AI] Night Action Decision for Olivia: {"action":"JAIL","targetName":"Daniel"}
[2025-12-27T16:55:32.412Z] [Game] NPC Jailor Olivia jailed Daniel
[2025-12-27T16:55:32.628Z] [AI] Night Action Decision for Emily: {"action":"NONE","targetName":null}
[2025-12-27T16:55:33.090Z] [AI] Generating Chat for Michael...
[2025-12-27T16:55:33.243Z] [AI] Night Action Decision for Sarah: {"action":"INVESTIGATE","targetName":"Daniel"}
[2025-12-27T16:55:34.177Z] [AI] Night Action Decision for Michael: {"action":"LOOKOUT","targetName":"Daniel"}
[2025-12-27T16:55:37.766Z] [AI] Generating Chat for Sarah...
[2025-12-27T16:55:38.461Z] [AI] Chat Message from Michael: Any initial thoughts on potential targets or strategies?
[2025-12-27T16:55:40.250Z] [AI] Generating Chat for Emily...
[2025-12-27T16:55:41.805Z] [AI] Generating Chat for Olivia...
[2025-12-27T16:55:44.131Z] [AI] Generating Chat for Daniel...
[2025-12-27T16:55:45.937Z] [AI] Chat Message from Sarah: I investigated Daniel last night.
[2025-12-27T16:55:46.281Z] [AI] Chat Message from Olivia: I jailed Daniel last night.
[2025-12-27T16:55:46.593Z] [AI] Generating Chat for Emily...
[2025-12-27T16:55:48.950Z] [AI] Chat Message from Emily: I'm Emily, the Doctor. I healed Steponas last night, just in case.
[2025-12-27T16:55:49.092Z] [AI] Generating Chat for Daniel...
[2025-12-27T16:55:49.556Z] [Game] NPC Emily is on cooldown, skipping chat response
[2025-12-27T16:55:52.590Z] [AI] Chat Message from Daniel: I was jailed last night. I have no other leads.
[2025-12-27T16:55:52.786Z] [Game] NPC Daniel is on cooldown, skipping chat response
[2025-12-27T16:55:55.479Z] [AI] Generating Chat for Michael...
[2025-12-27T16:55:55.510Z] [Game] NPC Daniel is on cooldown, skipping chat response
[2025-12-27T16:55:57.974Z] [AI] Chat Message from Daniel: I am the Doctor. Olivia jailed me last night, invalidating Emily's claim. Sarah, what was my role?
[2025-12-27T16:55:58.569Z] [AI] Chat Message from Emily: I'm the Doctor. I didn't use my heal last night, N1 is bite-free. Sarah, Olivia, why the focus on Daniel?
[2025-12-27T16:55:58.699Z] [AI] Chat Message from Michael: I looked out on Daniel last night. No one visited him.
[2025-12-27T16:55:59.137Z] [AI] Generating Chat for Olivia...
[2025-12-27T16:56:05.244Z] [AI] Chat Message from Olivia: Emily, you first claimed to heal Steponas, then said you didn't use your heal. This contradiction is concerning.
[2025-12-27T16:56:07.698Z] [AI] Generating Chat for Michael...
[2025-12-27T16:56:09.844Z] [Game] NPC Olivia is on cooldown, skipping chat response
[2025-12-27T16:56:12.577Z] [AI] Generating Chat for Emily...
[2025-12-27T16:56:15.272Z] [AI] Chat Message from Michael: My lookout on Daniel confirmed no visitors. What is your role, Steponas?
[2025-12-27T16:56:15.331Z] [AI] Generating Chat for Michael...
[2025-12-27T16:56:18.080Z] [AI] Generating Chat for Olivia...
[2025-12-27T16:56:18.730Z] [AI] Chat Message from Emily: Apologies for my N1 confusion. I am the Doctor. Daniel, Olivia jailed you, so she would know your role, not Sarah.
[2025-12-27T16:56:19.904Z] [AI] Chat Message from Michael: I am the Lookout. You still haven't claimed, Steponas.
[2025-12-27T16:56:19.924Z] [AI] Generating Chat for Daniel...
[2025-12-27T16:56:24.373Z] [AI] Generating Chat for Daniel...
[2025-12-27T16:56:24.695Z] [AI] Chat Message from Daniel: Olivia, you jailed me. Can you confirm my Doctor role? Emily's claims are inconsistent.
[2025-12-27T16:56:27.806Z] [AI] Generating Chat for Sarah...
[2025-12-27T16:56:28.618Z] [AI] Chat Message from Daniel: I am the Doctor, as I stated. Olivia jailed me, she would know my role. Steponas, what is yours?
[2025-12-27T16:56:28.658Z] [AI] Generating Chat for Emily...
[2025-12-27T16:56:29.692Z] [AI] Chat Message from Olivia: Daniel was indeed jailed. Emily, your contradictory claims about healing still need an explanation.
[2025-12-27T16:56:32.829Z] [AI] Chat Message from Sarah: Olivia, can you confirm Daniel's role since you jailed him? Two Doctor claims are confusing.
[2025-12-27T16:56:34.508Z] [AI] Chat Message from Emily: My N1 confusion was about using my heal, not my role. I am Doctor. Daniel, Olivia, what did you learn?
[2025-12-27T16:56:40.645Z] [AI] Generating Chat for Sarah...
[2025-12-27T16:56:44.076Z] [AI] Generating Chat for Olivia...
[2025-12-27T16:56:44.576Z] [AI] Generating Chat for Olivia...
[2025-12-27T16:56:45.993Z] [AI] Generating Chat for Sarah...
[2025-12-27T16:56:48.783Z] [AI] Chat Message from Sarah: Olivia, you confirmed jailing Daniel but not his role. Did he claim Doctor to you, or something else?
[2025-12-27T16:56:53.787Z] [AI] Chat Message from Olivia: I jailed Daniel, protecting him. I did not learn his role. Emily, explain your Doctor inconsistency.
[2025-12-27T16:56:53.827Z] [AI] Generating Chat for Daniel...
[2025-12-27T16:56:55.927Z] [Game] NPC Olivia is on cooldown, skipping chat response
[2025-12-27T16:56:58.138Z] [AI] Generating Chat for Emily...
[2025-12-27T16:56:58.636Z] [AI] Chat Message from Daniel: Olivia, Jailors learn roles. Your claim not to know mine is suspicious.
[2025-12-27T16:56:58.790Z] [AI] Chat Message from Olivia: Daniel claimed Doctor in jail. Emily, this directly conflicts with your statement.
[2025-12-27T16:57:00.956Z] [AI] Generating Chat for Sarah...
[2025-12-27T16:57:02.911Z] [AI] Chat Message from Sarah: I also investigated Daniel N1.
[2025-12-27T16:57:02.935Z] [Game] NPC Sarah is on cooldown, skipping chat response
[2025-12-27T16:57:04.689Z] [AI] Generating Chat for Michael...
[2025-12-27T16:57:05.770Z] [AI] Chat Message from Emily: I already stated my confusion was on using the heal, not my role. I'm Doctor. I healed Steponas N1.
[2025-12-27T16:57:06.586Z] [AI] Generating Chat for Olivia...
[2025-12-27T16:57:10.341Z] [AI] Generating Chat for Sarah...
[2025-12-27T16:57:13.515Z] [AI] Chat Message from Sarah: Olivia, you first said you didn't learn his role, then that he claimed Doctor. Which is it?