[2025-12-27T16:51:43.194Z] [AI] Generating NPC Profile (nationality: lithuanian)...
[2025-12-27T16:51:43.799Z] [AI] Generating NPC Profile (nationality: lithuanian)...
[2025-12-27T16:51:44.278Z] [AI] Generating NPC Profile (nationality: lithuanian)...
[2025-12-27T16:51:44.812Z] [AI] Generating NPC Profile (nationality: lithuanian)...
[2025-12-27T16:51:45.331Z] [AI] Generating NPC Profile (nationality: lithuanian)...
[2025-12-27T16:51:48.146Z] [AI] Generated Profile: {"name":"Miglė","gender":"female","personality":"Moderately talkative and generally trusting, but becomes more assertive and analytical when suspicions arise.","talkingStyle":"Engaging and friendly, uses natural sentence structures, can be direct when explaining her reasoning."}
[2025-12-27T16:51:48.538Z] [AI] Generated Profile: {"name":"Lukas","gender":"male","personality":"A moderately talkative and analytical player, somewhat skeptical but open to evidence, and moderately assertive when presenting findings.","talkingStyle":"Speaks clearly and directly, using varied sentence structures. Generally polite but can be pointed when questioning."}
[2025-12-27T16:51:48.977Z] [AI] Generated Profile: {"name":"Viltė","gender":"female","personality":"Viltė is a moderately talkative player, balanced in trust, who applies both intuition and logic. She becomes moderately assertive when discussing theories.","talkingStyle":"Her speech is usually neutral and clear, using varied sentence lengths. She asks clarifying questions politely."}
[2025-12-27T16:51:49.237Z] [AI] Generated Profile: {"name":"Linas","gender":"male","personality":"An observant and moderately logical player, slightly skeptical but willing to be swayed by clear evidence, and quietly assertive.","talkingStyle":"Speaks with a clear, measured tone. Uses precise language, often asking direct, clarifying questions without being impolite."}
[2025-12-27T16:51:49.752Z] [AI] Generated Profile: {"name":"Miglė","gender":"female","personality":"Somewhat quiet and moderately analytical, Miglė observes keenly, remaining slightly skeptical until compelling evidence emerges.","talkingStyle":"Speaks thoughtfully with precise word choice, often using a neutral, direct tone, and asks pointed clarifying questions."}
[2025-12-27T16:52:01.546Z] [Game] Assigned fake role Doctor to evil NPC Linas (Jester)
[2025-12-27T16:52:01.547Z] [Game] Assigned fake role Investigator to evil NPC Miglė (Vampire)
[2025-12-27T16:52:01.550Z] [Game] Triggering AI Actions for 5 NPCs in phase NIGHT
[2025-12-27T16:52:03.692Z] [Game] Triggering AI Actions for 5 NPCs in phase DAY_DISCUSS
[2025-12-27T16:52:06.362Z] [AI] Generating Night Action for Viltė (Investigator)...
[2025-12-27T16:52:06.591Z] [AI] Generating Night Action for Miglė (Jailor)...
[2025-12-27T16:52:07.150Z] [AI] Generating Night Action for Miglė (Vampire)...
[2025-12-27T16:52:07.474Z] [AI] Generating Night Action for Lukas (Doctor)...
[2025-12-27T16:52:07.956Z] [AI] Generating Night Action for Linas (Jester)...
[2025-12-27T16:52:08.176Z] [AI] Generating Chat for Linas...
[2025-12-27T16:52:08.191Z] [AI] Night Action Decision for Viltė: {"action":"INVESTIGATE","targetName":"Lukas"}
[2025-12-27T16:52:09.051Z] [AI] Night Action Decision for Lukas: {"action":"NONE","targetName":null}
[2025-12-27T16:52:09.714Z] [AI] Night Action Decision for Miglė: {"action":"JAIL","targetName":"Lukas"}
[2025-12-27T16:52:09.714Z] [Game] NPC Jailor Miglė jailed Lukas
[2025-12-27T16:52:09.905Z] [AI] Night Action Decision for Linas: {"action":"NONE","targetName":null}
[2025-12-27T16:52:10.934Z] [AI] Generating Chat for Miglė...
[2025-12-27T16:52:15.342Z] [AI] Generating Chat for Viltė...
[2025-12-27T16:52:16.102Z] [AI] Generating Chat for Lukas...
[2025-12-27T16:52:16.270Z] [AI] Chat Message from Miglė: Naktį 1 aš jailinau Lukas.
[2025-12-27T16:52:16.779Z] [AI] Chat Message from Linas: Aš esu Doctor. Niekas nepasako savo rolės? Įdomu.
[2025-12-27T16:52:18.942Z] [AI] Generating Chat for Miglė...
[2025-12-27T16:52:20.204Z] [AI] Chat Message from Viltė: Sveiki. Ar kas nors turi kokių pastebėjimų iš nakties?
[2025-12-27T16:52:21.384Z] [AI] Chat Message from Lukas: Aš buvau jailed Naktį 1. Migle, gal galite paaiškinti savo veiksmą?
[2025-12-27T16:52:21.640Z] [AI] Generating Chat for Miglė...
[2025-12-27T16:52:21.825Z] [AI] Generating Chat for Linas...
[2025-12-27T16:52:21.870Z] [Game] NPC Viltė is on cooldown, skipping chat response
[2025-12-27T16:52:24.476Z] [AI] Night Action Decision for Miglė: {"action":"INVESTIGATE","targetName":"Steponas"}
[2025-12-27T16:52:27.831Z] [AI] Generating Chat for Miglė...
[2025-12-27T16:52:27.989Z] [AI] Generating Chat for Viltė...
[2025-12-27T16:52:29.002Z] [AI] Generating Chat for Linas...
[2025-12-27T16:52:29.305Z] [AI] Chat Message from Linas: Migle, kodėl pasirinkote Lukas įkalinti?
[2025-12-27T16:52:31.845Z] [AI] Chat Message from Miglė: Pasirinkau tave N1, Lukas, kad surinkčiau informacijos. Kokia tavo rolė?
[2025-12-27T16:52:35.043Z] [AI] Generating Chat for Miglė...
[2025-12-27T16:52:37.567Z] [AI] Generating Chat for Lukas...
[2025-12-27T16:52:39.188Z] [AI] Chat Message from Viltė: Aš esu Investigator. Naktį 1 tyrinėjau Luką.
[2025-12-27T16:52:39.287Z] [AI] Chat Message from Miglė: Aš esu Investigator. Naktį 1 tyriau Liną. Jis gali būti Doctor arba Vampire Framer.
[2025-12-27T16:52:40.434Z] [AI] Generating Chat for Linas...
[2025-12-27T16:52:41.223Z] [AI] Chat Message from Linas: Migle, Lukas klausimas pagrįstas. Koks tavo motyvas buvo pasirinkti jį jailinti?
[2025-12-27T16:52:43.137Z] [AI] Chat Message from Lukas: Aš esu Doctor. Linai, kodėl teigiate esąs Doctor, jei aš juo esu?
[2025-12-27T16:52:46.793Z] [AI] Chat Message from Miglė: Naktį 1 jailinau tave, Lukas, siekiant įvertinti. Koks tavo vaidmuo ir tikslai?
[2025-12-27T16:52:47.989Z] [AI] Chat Message from Miglė: Atsiprašau už netikslumą. Esu Investigator. Naktį 1 aš investigated Steponas.
[2025-12-27T16:52:48.292Z] [AI] Chat Message from Linas: Migle, mano Doctor rolė atitinka jūsų tyrimo rezultatą. Bet turime du Investigatorius: jūs ir Viltė.
[2025-12-27T16:52:49.226Z] [Game] NPC Linas is on cooldown, skipping chat response
[2025-12-27T16:52:51.049Z] [AI] Generating Chat for Viltė...
[2025-12-27T16:53:01.293Z] [AI] Generating Chat for Viltė...
[2025-12-27T16:53:04.822Z] [AI] Chat Message from Viltė: Migle, tavo Naktis 1 veiksmo pareiškimai keičiasi. Taip pat, Lukas ir Linas abu teigia esą Doctor.
[2025-12-27T16:53:05.859Z] [AI] Generating Chat for Linas...
[2025-12-27T16:53:10.500Z] [AI] Chat Message from Viltė: Lukas, mano tyrimas rodo, kad esi Doctor, Vampire Framer, Jester.
[2025-12-27T16:53:14.502Z] [AI] Generating Chat for Miglė...
[2025-12-27T16:53:14.841Z] [AI] Chat Message from Linas: Migle, jūsų Naktis 1 veiksmai nuolat keičiasi. Arba esate sumišusi, arba meluojate. Tai verčia abejoti visais Investigator teiginiais.
[2025-12-27T16:53:16.137Z] [AI] Generating Chat for Lukas...