[2025-12-26T21:40:54.571Z] [AI] Generating NPC Profile (nationality: english)...
[2025-12-26T21:40:55.154Z] [AI] Generating NPC Profile (nationality: english)...
[2025-12-26T21:40:55.598Z] [AI] Generating NPC Profile (nationality: english)...
[2025-12-26T21:40:56.022Z] [AI] Generating NPC Profile (nationality: english)...
[2025-12-26T21:40:56.382Z] [AI] Generating NPC Profile (nationality: english)...
[2025-12-26T21:41:00.562Z] [AI] Generated Profile: {"name":"Sarah","gender":"female","personality":"Generally trusting and moderately talkative, Sarah leans intuitive in her deductions and is somewhat laid-back unless directly targeted.","talkingStyle":"Speaks clearly and conversationally, using moderate sentence length. Tends to be polite and direct, asking clarifying questions."}
[2025-12-26T21:41:01.130Z] [AI] Generated Profile: {"name":"Daniel","gender":"male","personality":"A moderately quiet player who listens intently, is balanced in trust, but can become slightly defensive when directly accused, leaning on intuition initially.","talkingStyle":"Speaks thoughtfully and politely, using clear, neutral language, often waiting for a solid point before contributing."}
[2025-12-26T21:41:01.841Z] [AI] Generated Profile: {"name":"Olivia","gender":"female","personality":"Olivia is a moderately talkative player, balanced in her trust, who uses both intuition and logic, and can be assertive when necessary.","talkingStyle":"Her communication is clear and direct, using varied sentence structures, maintaining a polite but firm tone."}
[2025-12-26T21:41:01.890Z] [AI] Generated Profile: {"name":"Emily","gender":"female","personality":"A moderately talkative player, leans logical in deductions, but can become somewhat defensive when directly accused.","talkingStyle":"Communicates clearly and directly, typically neutral in tone but can get more pointed if challenged."}
[2025-12-26T21:41:02.683Z] [AI] Generated Profile: {"name":"Michael","gender":"male","personality":"A logical and moderately talkative player, generally balanced in trust but capable of moderate defensiveness if directly accused.","talkingStyle":"Clear and direct, uses varied sentence structures to explain reasoning, generally polite but can be firm."}
[2025-12-26T21:41:19.641Z] [Game] Assigned fake role Doctor to evil NPC Michael (Vampire)
[2025-12-26T21:41:19.641Z] [Game] Triggering AI Actions for 5 NPCs in phase NIGHT
[2025-12-26T21:41:21.697Z] [AI] Generating Night Action for Sarah (Jailor)...
[2025-12-26T21:41:22.660Z] [AI] Generating Night Action for Michael (Vampire)...
[2025-12-26T21:41:25.193Z] [AI] Generating Night Action for Daniel (Lookout)...
[2025-12-26T21:41:25.311Z] [AI] Generating Night Action for Olivia (Investigator)...
[2025-12-26T21:41:26.142Z] [AI] Generating Night Action for Emily (Doctor)...
[2025-12-26T21:41:29.013Z] [Game] Triggering AI Actions for 5 NPCs in phase DAY_DISCUSS
[2025-12-26T21:41:31.372Z] [AI] Generating Chat for Daniel...
[2025-12-26T21:41:31.491Z] [AI] Night Action Decision for Emily: {"action":"NONE","targetName":null}
[2025-12-26T21:41:31.541Z] [AI] Night Action Decision for Sarah: {"action":"JAIL","targetName":"Daniel"}
[2025-12-26T21:41:31.542Z] [Game] NPC Jailor Sarah jailed Daniel
[2025-12-26T21:41:31.819Z] [AI] Night Action Decision for Michael: {"action":"NONE","targetName":null}
[2025-12-26T21:41:32.018Z] [AI] Night Action Decision for Olivia: {"action":"INVESTIGATE","targetName":"Emily"}
[2025-12-26T21:41:32.463Z] [AI] Night Action Decision for Daniel: {"action":"LOOKOUT","targetName":"Michael"}
[2025-12-26T21:41:36.069Z] [AI] Generating Chat for Sarah...
[2025-12-26T21:41:41.133Z] [AI] Chat Message from Sarah: I jailed Daniel last night. Does anyone have any early thoughts or claims?
[2025-12-26T21:41:41.134Z] [Game] TTS enabled (elevenlabs), synthesizing for Sarah...
[2025-12-26T21:41:42.524Z] [AI] Generating Chat for Daniel...
[2025-12-26T21:41:44.209Z] [AI] Chat Message from Daniel: I watched Emily last night. There were no visitors seen.
[2025-12-26T21:41:44.210Z] [Game] TTS enabled (elevenlabs), synthesizing for Daniel...
[2025-12-26T21:41:44.576Z] [Game] Sent TTS audio to host for Sarah
[2025-12-26T21:41:45.310Z] [AI] Generating Chat for Michael...
[2025-12-26T21:41:45.508Z] [Game] Sent TTS audio to host for Daniel
[2025-12-26T21:41:47.046Z] [AI] Generating Chat for Olivia...
[2025-12-26T21:41:48.308Z] [AI] Generating Chat for Emily...
[2025-12-26T21:41:48.794Z] [AI] Generating Chat for Sarah...
[2025-12-26T21:41:48.889Z] [AI] Generating Chat for Sarah...
[2025-12-26T21:41:48.907Z] [AI] Chat Message from Daniel: Yes, Sarah jailed me last night. I looked at Michael; I did not see anyone visit him.
[2025-12-26T21:41:48.909Z] [Game] TTS enabled (elevenlabs), synthesizing for Daniel...
[2025-12-26T21:41:49.501Z] [AI] Generating Chat for Olivia...
[2025-12-26T21:41:49.929Z] [Game] Sent TTS audio to host for Daniel
[2025-12-26T21:41:52.587Z] [AI] Generating Chat for Emily...
[2025-12-26T21:41:54.325Z] [AI] Chat Message from Michael: I am Doctor. I healed Olivia last night.
[2025-12-26T21:41:54.327Z] [Game] TTS enabled (elevenlabs), synthesizing for Michael...
[2025-12-26T21:41:54.976Z] [AI] Chat Message from Sarah: Steponas, can you elaborate on Michael's role? Is 'Vampire' the exact result?
[2025-12-26T21:41:54.977Z] [Game] TTS enabled (elevenlabs), synthesizing for Sarah...
[2025-12-26T21:41:55.823Z] [AI] Chat Message from Olivia: Daniel, you first said you watched Emily, then Michael. Please clarify which is correct.
[2025-12-26T21:41:55.824Z] [Game] TTS enabled (elevenlabs), synthesizing for Olivia...
[2025-12-26T21:41:56.090Z] [AI] Chat Message from Sarah: Steponas, you saw Michael as a Vampire? That's a very serious claim.
[2025-12-26T21:41:56.091Z] [Game] TTS enabled (elevenlabs), synthesizing for Sarah...
[2025-12-26T21:41:56.220Z] [AI] Chat Message from Olivia: I am Investigator. I investigated Emily last night.
[2025-12-26T21:41:56.222Z] [Game] TTS enabled (elevenlabs), synthesizing for Olivia...
[2025-12-26T21:41:56.645Z] [Game] Sent TTS audio to host for Michael
[2025-12-26T21:41:57.030Z] [Game] Sent TTS audio to host for Sarah
[2025-12-26T21:41:57.150Z] [Game] Sent TTS audio to host for Olivia
[2025-12-26T21:41:57.174Z] [Game] Sent TTS audio to host for Sarah
[2025-12-26T21:41:57.177Z] [Game] Sent TTS audio to host for Olivia
[2025-12-26T21:41:58.537Z] [AI] Chat Message from Emily: Thanks Daniel. Steponas, was a framer result possible for Michael?
[2025-12-26T21:41:58.539Z] [Game] TTS enabled (elevenlabs), synthesizing for Emily...
[2025-12-26T21:41:58.583Z] [AI] Chat Message from Emily: Daniel, you claimed to watch Emily, then Michael. You can only watch one person.
[2025-12-26T21:41:58.585Z] [Game] TTS enabled (elevenlabs), synthesizing for Emily...
[2025-12-26T21:41:59.246Z] [Game] Sent TTS audio to host for Emily
[2025-12-26T21:41:59.257Z] [Game] Sent TTS audio to host for Emily
[2025-12-26T21:41:59.968Z] [AI] Generating Chat for Michael...
[2025-12-26T21:42:14.941Z] [AI] Chat Message from Michael: Daniel, you can't use an ability while jailed. Steponas, if I'm Doctor, perhaps you hit a Framer?
[2025-12-26T21:42:14.941Z] [Game] TTS enabled (elevenlabs), synthesizing for Michael...
[2025-12-26T21:42:16.893Z] [Game] Sent TTS audio to host for Michael
[2025-12-26T21:42:47.593Z] [AI] Generating Chat for Michael...
[2025-12-26T21:42:50.108Z] [AI] Generating Chat for Olivia...
[2025-12-26T21:42:53.934Z] [AI] Chat Message from Michael: Steponas, I am Doctor. A Framer would explain your result.
[2025-12-26T21:42:53.935Z] [Game] TTS enabled (elevenlabs), synthesizing for Michael...
[2025-12-26T21:42:54.222Z] [AI] Generating Chat for Emily...
[2025-12-26T21:42:55.264Z] [Game] Sent TTS audio to host for Michael
[2025-12-26T21:43:01.990Z] [AI] Chat Message from Olivia: Daniel, you can't use your ability if Sarah jailed you. Please explain this contradiction.
[2025-12-26T21:43:01.991Z] [Game] TTS enabled (elevenlabs), synthesizing for Olivia...
[2025-12-26T21:43:03.081Z] [Game] Sent TTS audio to host for Olivia
[2025-12-26T21:43:04.311Z] [AI] Chat Message from Emily: Yes, Olivia investigated me. I am Doctor.
[2025-12-26T21:43:04.311Z] [Game] TTS enabled (elevenlabs), synthesizing for Emily...
[2025-12-26T21:43:06.776Z] [Game] Sent TTS audio to host for Emily
[2025-12-26T21:43:07.443Z] [AI] Generating Chat for Olivia...
[2025-12-26T21:43:08.922Z] [Game] NPC Emily is on cooldown, skipping chat response
[2025-12-26T21:43:16.835Z] [AI] Generating Chat for Daniel...
[2025-12-26T21:43:18.759Z] [AI] Generating Chat for Sarah...
[2025-12-26T21:43:19.108Z] [AI] Chat Message from Olivia: Steponas, Framer is a possible role. Why do you state we don't have one?
[2025-12-26T21:43:19.110Z] [Game] TTS enabled (elevenlabs), synthesizing for Olivia...
[2025-12-26T21:43:20.024Z] [Game] Sent TTS audio to host for Olivia
[2025-12-26T21:43:23.686Z] [AI] Chat Message from Sarah: Daniel, I jailed you last night. Why are you claiming to have watched people?
[2025-12-26T21:43:23.686Z] [Game] TTS enabled (elevenlabs), synthesizing for Sarah...
[2025-12-26T21:43:24.407Z] [Game] Sent TTS audio to host for Sarah
[2025-12-26T21:43:26.063Z] [AI] Generating Chat for Emily...
[2025-12-26T21:43:27.101Z] [AI] Chat Message from Daniel: Emily, I did not claim to watch Emily. I was jailed by Sarah, so I have no Lookout results.
[2025-12-26T21:43:27.102Z] [Game] TTS enabled (elevenlabs), synthesizing for Daniel...
[2025-12-26T21:43:28.014Z] [Game] Sent TTS audio to host for Daniel
[2025-12-26T21:43:28.062Z] [Game] NPC Sarah is on cooldown, skipping chat response
[2025-12-26T21:43:29.878Z] [Game] Triggering AI Actions for 5 NPCs in phase DAY_VOTE
[2025-12-26T21:43:30.977Z] [AI] Generating Day Vote for Olivia...
[2025-12-26T21:43:31.042Z] [AI] Generating Day Vote for Daniel...
[2025-12-26T21:43:31.192Z] [AI] Generating Day Vote for Sarah...
[2025-12-26T21:43:31.343Z] [AI] Generating Day Vote for Michael...
[2025-12-26T21:43:31.408Z] [AI] Generating Day Vote for Emily...
[2025-12-26T21:43:36.537Z] [AI] Chat Message from Emily: Olivia, please confirm my Doctor claim. Michael is also claiming Doctor.
[2025-12-26T21:43:41.852Z] [AI] Vote Decision for Sarah: {"vote":"Steponas"}
[2025-12-26T21:43:41.852Z] [Game] NPC Sarah voted for Steponas
[2025-12-26T21:43:44.144Z] [AI] Vote Decision for Daniel: {"vote":"Steponas"}
[2025-12-26T21:43:44.144Z] [Game] NPC Daniel voted for Steponas
[2025-12-26T21:43:44.924Z] [AI] Vote Decision for Emily: {"vote":"Michael"}
[2025-12-26T21:43:44.925Z] [Game] NPC Emily voted for Michael
[2025-12-26T21:43:44.994Z] [Game] Triggering AI Actions for 5 NPCs in phase NIGHT
[2025-12-26T21:43:46.101Z] [AI] Vote Decision for Olivia: {"vote":"Steponas"}
[2025-12-26T21:43:46.101Z] [Game] NPC Olivia voted for Steponas
[2025-12-26T21:43:47.376Z] [AI] Generating Night Action for Olivia (Investigator)...
[2025-12-26T21:43:49.456Z] [AI] Generating Night Action for Emily (Doctor)...
[2025-12-26T21:43:49.947Z] [AI] Night Action Decision for Olivia: {"action":"INVESTIGATE","targetName":"Michael"}
[2025-12-26T21:43:50.144Z] [AI] Generating Night Action for Michael (Vampire)...
[2025-12-26T21:43:50.859Z] [AI] Generating Night Action for Sarah (Jailor)...
[2025-12-26T21:43:50.889Z] [AI] Generating Night Action for Daniel (Lookout)...
[2025-12-26T21:43:52.824Z] [AI] Night Action Decision for Emily: {"action":"HEAL","targetName":"Sarah"}
[2025-12-26T21:43:52.946Z] [AI] Night Action Decision for Michael: {"action":"BITE","targetName":"Emily"}
[2025-12-26T21:43:54.971Z] [AI] Vote Decision for Michael: {"vote":"Daniel"}
[2025-12-26T21:43:54.972Z] [Game] NPC Michael voted for Daniel
[2025-12-26T21:43:59.133Z] [AI] Night Action Decision for Sarah: {"action":"JAIL","targetName":"Michael"}
[2025-12-26T21:43:59.133Z] [Game] NPC Jailor Sarah jailed Michael
[2025-12-26T21:43:59.134Z] [Game] Starting NPC Jailor interrogation: Sarah -> Michael
[2025-12-26T21:44:01.632Z] [AI] Generating Jailor Interrogation for Sarah...
[2025-12-26T21:44:01.741Z] [AI] Night Action Decision for Daniel: {"action":"LOOKOUT","targetName":"Emily"}
[2025-12-26T21:44:04.243Z] [AI] Jailor Message from Sarah: What's your role, Michael? What did you do Day 1?
[2025-12-26T21:44:06.510Z] [AI] Generating Jail Response for Michael...
[2025-12-26T21:44:10.739Z] [AI] Jail Response from Michael: I'm Doctor. I healed Emily N1, hoping to protect her. No deaths, so good news!
[2025-12-26T21:44:12.794Z] [AI] Generating Jailor Interrogation for Sarah...
[2025-12-26T21:44:15.991Z] [AI] Jailor Message from Sarah: How many heals do you have left?
[2025-12-26T21:44:18.486Z] [AI] Generating Jail Response for Michael...
[2025-12-26T21:44:20.285Z] [AI] Jail Response from Michael: I have 2 heals left. My N1 heal on Emily was successful, glad she's safe.
[2025-12-26T21:44:22.056Z] [Game] Triggering AI Actions for 5 NPCs in phase DAY_DISCUSS
[2025-12-26T21:44:25.944Z] [AI] Generating Chat for Michael...
[2025-12-26T21:44:27.479Z] [AI] Generating Chat for Sarah...
[2025-12-26T21:44:31.460Z] [AI] Chat Message from Sarah: I jailed Michael on Night 2. He couldn't have been the one turned by a vampire.
[2025-12-26T21:44:31.462Z] [Game] TTS enabled (elevenlabs), synthesizing for Sarah...
[2025-12-26T21:44:33.188Z] [Game] Sent TTS audio to host for Sarah
[2025-12-26T21:44:34.971Z] [AI] Generating Chat for Emily...
[2025-12-26T21:44:35.988Z] [AI] Generating Chat for Daniel...
[2025-12-26T21:44:36.393Z] [AI] Chat Message from Michael: I was jailed by Sarah. My heal was on Steponas.
[2025-12-26T21:44:36.393Z] [Game] TTS enabled (elevenlabs), synthesizing for Michael...
[2025-12-26T21:44:37.249Z] [Game] Sent TTS audio to host for Michael
[2025-12-26T21:44:38.304Z] [AI] Generating Chat for Sarah...
[2025-12-26T21:44:41.178Z] [AI] Chat Message from Emily: I healed Sarah on N2.
[2025-12-26T21:44:41.179Z] [Game] TTS enabled (elevenlabs), synthesizing for Emily...
[2025-12-26T21:44:41.655Z] [Game] Sent TTS audio to host for Emily
[2025-12-26T21:44:42.498Z] [AI] Generating Chat for Olivia...
[2025-12-26T21:44:43.932Z] [AI] Chat Message from Daniel: I looked out Emily on Night 2. No one visited her.
[2025-12-26T21:44:43.934Z] [Game] TTS enabled (elevenlabs), synthesizing for Daniel...
[2025-12-26T21:44:44.461Z] [Game] Sent TTS audio to host for Daniel
[2025-12-26T21:44:45.211Z] [Game] NPC Emily is on cooldown, skipping chat response
[2025-12-26T21:44:47.441Z] [AI] Chat Message from Sarah: Michael, someone was still turned on N2. Can you explain that?
[2025-12-26T21:44:47.442Z] [Game] TTS enabled (elevenlabs), synthesizing for Sarah...
[2025-12-26T21:44:48.183Z] [Game] Sent TTS audio to host for Sarah
[2025-12-26T21:44:49.703Z] [AI] Generating Chat for Daniel...
[2025-12-26T21:44:50.588Z] [AI] Chat Message from Olivia: My N2 investigation on Michael shows he is a Vampire.
[2025-12-26T21:44:50.589Z] [Game] TTS enabled (elevenlabs), synthesizing for Olivia...
[2025-12-26T21:44:51.363Z] [Game] Sent TTS audio to host for Olivia
[2025-12-26T21:44:52.158Z] [AI] Generating Chat for Michael...
[2025-12-26T21:44:52.192Z] [AI] Generating Chat for Emily...
[2025-12-26T21:44:55.621Z] [AI] Chat Message from Daniel: Michael and Emily both claim Doctor. This is contradictory.
[2025-12-26T21:44:55.623Z] [Game] TTS enabled (elevenlabs), synthesizing for Daniel...
[2025-12-26T21:44:56.574Z] [Game] Sent TTS audio to host for Daniel
[2025-12-26T21:45:04.246Z] [AI] Chat Message from Emily: Daniel, that's incorrect. I was visited on N2.
[2025-12-26T21:45:04.247Z] [Game] TTS enabled (elevenlabs), synthesizing for Emily...
[2025-12-26T21:45:05.204Z] [Game] Sent TTS audio to host for Emily
[2025-12-26T21:45:08.187Z] [AI] Chat Message from Michael: Olivia, that's impossible. I am Doctor, jailed by Sarah. If you saw Vampire, I was framed.
[2025-12-26T21:45:08.188Z] [Game] TTS enabled (elevenlabs), synthesizing for Michael...
[2025-12-26T21:45:08.428Z] [AI] Generating Chat for Olivia...
[2025-12-26T21:45:09.192Z] [Game] Sent TTS audio to host for Michael
[2025-12-26T21:45:09.660Z] [AI] Generating Chat for Daniel...
[2025-12-26T21:45:19.072Z] [AI] Chat Message from Olivia: One of you is lying about being Doctor. This strengthens my Vampire result on Michael.
[2025-12-26T21:45:19.072Z] [Game] TTS enabled (elevenlabs), synthesizing for Olivia...
[2025-12-26T21:45:19.166Z] [AI] Chat Message from Daniel: Michael, I was jailed by Sarah on N1. She could not have jailed us both.
[2025-12-26T21:45:19.167Z] [Game] TTS enabled (elevenlabs), synthesizing for Daniel...
[2025-12-26T21:45:21.458Z] [Game] Sent TTS audio to host for Olivia
[2025-12-26T21:45:21.722Z] [Game] Sent TTS audio to host for Daniel
[2025-12-26T21:45:25.512Z] [AI] Generating Chat for Michael...
[2025-12-26T21:45:27.611Z] [AI] Generating Chat for Sarah...
[2025-12-26T21:45:32.528Z] [AI] Generating Chat for Daniel...
[2025-12-26T21:45:33.004Z] [AI] Chat Message from Michael: Daniel, a Jailor can jail every night. Sarah jailed me N2.
[2025-12-26T21:45:33.005Z] [Game] TTS enabled (elevenlabs), synthesizing for Michael...
[2025-12-26T21:45:34.005Z] [Game] Sent TTS audio to host for Michael
[2025-12-26T21:45:38.166Z] [AI] Chat Message from Daniel: Emily, my N2 Lookout on you showed no visitors. This contradicts your claim.
[2025-12-26T21:45:38.167Z] [Game] TTS enabled (elevenlabs), synthesizing for Daniel...
[2025-12-26T21:45:39.268Z] [Game] Sent TTS audio to host for Daniel
[2025-12-26T21:45:39.534Z] [AI] Chat Message from Sarah: I confirm jailing Michael on N2. He was protected from vampire bites.
[2025-12-26T21:45:39.535Z] [Game] TTS enabled (elevenlabs), synthesizing for Sarah...
[2025-12-26T21:45:40.213Z] [Game] Sent TTS audio to host for Sarah
[2025-12-26T21:46:08.461Z] [AI] Generating Chat for Michael...
[2025-12-26T21:46:11.173Z] [AI] Generating Chat for Daniel...
[2025-12-26T21:46:12.058Z] [AI] Generating Chat for Sarah...
[2025-12-26T21:46:16.580Z] [AI] Chat Message from Michael: Steponas, Sarah confirmed jailing me N2. So you saying I'm lying is incorrect. Why are you lying?
[2025-12-26T21:46:16.580Z] [Game] TTS enabled (elevenlabs), synthesizing for Michael...
[2025-12-26T21:46:17.754Z] [Game] Sent TTS audio to host for Michael
[2025-12-26T21:46:22.981Z] [Game] Triggering AI Actions for 5 NPCs in phase DAY_VOTE
[2025-12-26T21:46:23.291Z] [AI] Chat Message from Sarah: Steponas, did your investigation confirm Michael as Vampire?
[2025-12-26T21:46:23.879Z] [AI] Generating Day Vote for Sarah...
[2025-12-26T21:46:24.449Z] [AI] Generating Day Vote for Olivia...
[2025-12-26T21:46:24.532Z] [AI] Generating Day Vote for Daniel...
[2025-12-26T21:46:24.763Z] [AI] Generating Day Vote for Emily...
[2025-12-26T21:46:25.146Z] [AI] Generating Day Vote for Michael...
[2025-12-26T21:46:29.968Z] [AI] Chat Message from Daniel: If Sarah jailed Michael N2, Olivia's Vampire result on him would mean he was framed.
[2025-12-26T21:46:30.686Z] [AI] Vote Decision for Daniel: {"vote":"Emily"}
[2025-12-26T21:46:30.687Z] [Game] NPC Daniel voted for Emily
[2025-12-26T21:46:33.991Z] [AI] Vote Decision for Olivia: {"vote":"Steponas"}
[2025-12-26T21:46:33.992Z] [Game] NPC Olivia voted for Steponas
[2025-12-26T21:46:38.104Z] [Game] Triggering AI Actions for 5 NPCs in phase NIGHT
[2025-12-26T21:46:40.115Z] [AI] Generating Night Action for Sarah (Jailor)...
[2025-12-26T21:46:40.203Z] [AI] Generating Night Action for Olivia (Investigator)...
[2025-12-26T21:46:40.311Z] [AI] Vote Decision for Sarah: {"vote":"Steponas"}
[2025-12-26T21:46:40.311Z] [Game] NPC Sarah voted for Steponas
[2025-12-26T21:46:40.552Z] [AI] Generating Night Action for Daniel (Lookout)...
[2025-12-26T21:46:40.701Z] [AI] Generating Night Action for Emily (Vampire)...
[2025-12-26T21:46:42.188Z] [AI] Vote Decision for Emily: {"vote":"Daniel"}
[2025-12-26T21:46:42.188Z] [Game] NPC Emily voted for Daniel
[2025-12-26T21:46:43.310Z] [AI] Generating Night Action for Michael (Vampire)...
[2025-12-26T21:46:43.319Z] [AI] Vote Decision for Michael: {"vote":"Daniel"}
[2025-12-26T21:46:43.319Z] [Game] NPC Michael voted for Daniel
[2025-12-26T21:46:44.416Z] [AI] Night Action Decision for Olivia: {"action":"INVESTIGATE","targetName":"Daniel"}
[2025-12-26T21:46:44.547Z] [AI] Night Action Decision for Emily: {"action":"NONE","targetName":null}
[2025-12-26T21:46:45.728Z] [AI] Night Action Decision for Sarah: {"action":"JAIL","targetName":"Olivia"}
[2025-12-26T21:46:45.728Z] [Game] NPC Jailor Sarah jailed Olivia
[2025-12-26T21:46:45.729Z] [Game] Starting NPC Jailor interrogation: Sarah -> Olivia
[2025-12-26T21:46:49.491Z] [AI] Night Action Decision for Michael: {"action":"NONE","targetName":null}
[2025-12-26T21:46:49.680Z] [AI] Generating Jailor Interrogation for Sarah...
[2025-12-26T21:46:53.666Z] [AI] Jailor Message from Sarah: What is your role? What did you do Night 2?
[2025-12-26T21:46:54.562Z] [Game] Triggering AI Actions for 5 NPCs in phase DAY_DISCUSS
[2025-12-26T21:46:58.317Z] [AI] Generating Chat for Olivia...
[2025-12-26T21:46:59.723Z] [AI] Generating Chat for Sarah...
[2025-12-26T21:46:59.729Z] [AI] Night Action Decision for Daniel: {"action":"LOOKOUT","targetName":"Michael"}
[2025-12-26T21:47:04.623Z] [AI] Chat Message from Sarah: I jailed Michael N2, so he was protected from bites. I also jailed Daniel N1 and Olivia N3.
[2025-12-26T21:47:04.623Z] [Game] TTS enabled (elevenlabs), synthesizing for Sarah...
[2025-12-26T21:47:05.099Z] [AI] Generating Chat for Daniel...
[2025-12-26T21:47:05.961Z] [Game] Sent TTS audio to host for Sarah
[2025-12-26T21:47:06.913Z] [AI] Generating Chat for Olivia...
[2025-12-26T21:47:07.313Z] [AI] Generating Chat for Emily...
[2025-12-26T21:47:08.078Z] [AI] Generating Chat for Olivia...
[2025-12-26T21:47:10.040Z] [AI] Generating Chat for Emily...
[2025-12-26T21:47:11.048Z] [AI] Chat Message from Olivia: Michael is a Vampire (N2). Daniel is a Lookout (N3).
[2025-12-26T21:47:11.049Z] [Game] TTS enabled (elevenlabs), synthesizing for Olivia...
[2025-12-26T21:47:11.774Z] [Game] NPC Olivia is on cooldown, skipping chat response
[2025-12-26T21:47:11.963Z] [Game] Sent TTS audio to host for Olivia
[2025-12-26T21:47:12.285Z] [AI] Chat Message from Olivia: Michael is a Vampire from my N2 investigation. Sarah, why did you jail him N2 to protect him?
[2025-12-26T21:47:12.286Z] [Game] TTS enabled (elevenlabs), synthesizing for Olivia...
[2025-12-26T21:47:13.050Z] [Game] Sent TTS audio to host for Olivia
[2025-12-26T21:47:13.765Z] [AI] Chat Message from Emily: I healed Sarah on N2.
[2025-12-26T21:47:13.766Z] [Game] TTS enabled (elevenlabs), synthesizing for Emily...
[2025-12-26T21:47:13.947Z] [AI] Chat Message from Daniel: I can confirm Sarah jailed me N1. My Lookout on Emily N2 showed no visitors.
[2025-12-26T21:47:13.948Z] [Game] TTS enabled (elevenlabs), synthesizing for Daniel...
[2025-12-26T21:47:14.187Z] [Game] Sent TTS audio to host for Emily
[2025-12-26T21:47:15.308Z] [Game] Sent TTS audio to host for Daniel
[2025-12-26T21:47:20.666Z] [AI] Generating Chat for Emily...
[2025-12-26T21:47:21.581Z] [AI] Chat Message from Olivia: I investigated Michael N2 and he's a Vampire. Daniel is a Lookout from my N3 check.
[2025-12-26T21:47:21.582Z] [Game] TTS enabled (elevenlabs), synthesizing for Olivia...
[2025-12-26T21:47:21.945Z] [AI] Chat Message from Emily: I healed Sarah on N2.
[2025-12-26T21:47:21.947Z] [Game] TTS enabled (elevenlabs), synthesizing for Emily...
[2025-12-26T21:47:22.688Z] [Game] Sent TTS audio to host for Emily
[2025-12-26T21:47:22.790Z] [Game] Sent TTS audio to host for Olivia
[2025-12-26T21:47:25.066Z] [AI] Generating Chat for Michael...
[2025-12-26T21:47:31.346Z] [AI] Chat Message from Emily: Sarah, why jail Michael if Olivia found him to be a Vampire N2? That seems counterproductive.
[2025-12-26T21:47:31.347Z] [Game] TTS enabled (elevenlabs), synthesizing for Emily...
[2025-12-26T21:47:35.089Z] [Game] Sent TTS audio to host for Emily
[2025-12-26T21:47:38.022Z] [AI] Chat Message from Michael: Olivia, your N2 result is incorrect. I am the Doctor, and I was jailed that night, unable to act.
[2025-12-26T21:47:38.023Z] [Game] TTS enabled (elevenlabs), synthesizing for Michael...
[2025-12-26T21:47:39.750Z] [Game] Sent TTS audio to host for Michael
[2025-12-26T21:48:01.748Z] [AI] Generating Chat for Michael...
[2025-12-26T21:48:02.782Z] [AI] Generating Chat for Michael...
[2025-12-26T21:48:04.796Z] [AI] Generating Chat for Emily...
[2025-12-26T21:48:05.344Z] [AI] Generating Chat for Olivia...
[2025-12-26T21:48:07.612Z] [AI] Generating Chat for Daniel...
[2025-12-26T21:48:09.045Z] [AI] Generating Chat for Daniel...
[2025-12-26T21:48:12.826Z] [AI] Generating Chat for Michael...
[2025-12-26T21:48:14.426Z] [AI] Generating Chat for Daniel...
[2025-12-26T21:48:17.746Z] [AI] Chat Message from Michael: Steponas, Olivia's N3 claim is impossible. Night 3 hasn't happened yet.
[2025-12-26T21:48:17.746Z] [Game] TTS enabled (elevenlabs), synthesizing for Michael...
[2025-12-26T21:48:17.978Z] [AI] Chat Message from Olivia: Michael, my N2 result on you is Vampire. If you were jailed as Doctor, we need to find the Framer.
[2025-12-26T21:48:17.978Z] [Game] TTS enabled (elevenlabs), synthesizing for Olivia...
[2025-12-26T21:48:17.984Z] [AI] Chat Message from Daniel: I observed no visitors for Michael on N1 and N3.
[2025-12-26T21:48:17.985Z] [Game] TTS enabled (elevenlabs), synthesizing for Daniel...
[2025-12-26T21:48:19.353Z] [AI] Generating Chat for Emily...
[2025-12-26T21:48:20.187Z] [Game] Sent TTS audio to host for Michael
[2025-12-26T21:48:20.454Z] [Game] Sent TTS audio to host for Daniel
[2025-12-26T21:48:20.770Z] [AI] Chat Message from Daniel: Michael's role claim and Olivia's N2 investigation result are in direct conflict.
[2025-12-26T21:48:20.771Z] [Game] TTS enabled (elevenlabs), synthesizing for Daniel...
[2025-12-26T21:48:21.104Z] [Game] Sent TTS audio to host for Olivia
[2025-12-26T21:48:21.888Z] [Game] Sent TTS audio to host for Daniel
[2025-12-26T21:48:22.734Z] [AI] Chat Message from Michael: If I was jailed N2, how could Olivia investigate me and get a Vampire result?
[2025-12-26T21:48:22.735Z] [Game] TTS enabled (elevenlabs), synthesizing for Michael...
[2025-12-26T21:48:25.304Z] [Game] Sent TTS audio to host for Michael
[2025-12-26T21:48:26.009Z] [AI] Chat Message from Daniel: Olivia's check on me N3 was correct. Michael's claim seems suspicious given her N2 result.
[2025-12-26T21:48:26.010Z] [Game] TTS enabled (elevenlabs), synthesizing for Daniel...
[2025-12-26T21:48:27.372Z] [Game] Sent TTS audio to host for Daniel
[2025-12-26T21:48:27.377Z] [AI] Chat Message from Emily: N3 hasn't happened, so no one has N3 results. That's a major discrepancy.
[2025-12-26T21:48:27.378Z] [Game] TTS enabled (elevenlabs), synthesizing for Emily...
[2025-12-26T21:48:28.838Z] [Game] Sent TTS audio to host for Emily
[2025-12-26T21:48:33.068Z] [AI] Chat Message from Emily: Olivia, Sarah couldn't have known your N2 investigation results when she jailed Michael.
[2025-12-26T21:48:33.069Z] [Game] TTS enabled (elevenlabs), synthesizing for Emily...
[2025-12-26T21:48:33.736Z] [AI] Chat Message from Michael: I am the Doctor and was jailed N2. I must have been framed for Olivia's result. Daniel, your Lookout on Emily N2 is suspicious.
[2025-12-26T21:48:33.737Z] [Game] TTS enabled (elevenlabs), synthesizing for Michael...
[2025-12-26T21:48:35.703Z] [Game] Sent TTS audio to host for Emily
[2025-12-26T21:48:37.898Z] [Game] Sent TTS audio to host for Michael
[2025-12-26T21:48:55.428Z] [Game] Triggering AI Actions for 5 NPCs in phase DAY_VOTE
[2025-12-26T21:48:55.993Z] [AI] Generating Day Vote for Sarah...
[2025-12-26T21:48:56.188Z] [AI] Generating Day Vote for Daniel...
[2025-12-26T21:48:56.591Z] [AI] Generating Day Vote for Emily...
[2025-12-26T21:48:56.741Z] [AI] Generating Day Vote for Michael...
[2025-12-26T21:48:57.189Z] [AI] Generating Day Vote for Olivia...
[2025-12-26T21:49:07.747Z] [AI] Vote Decision for Emily: {"vote":"Daniel"}
[2025-12-26T21:49:07.747Z] [Game] NPC Emily voted for Daniel
[2025-12-26T21:49:09.454Z] [AI] Vote Decision for Olivia: {"vote":"Michael"}
[2025-12-26T21:49:09.454Z] [Game] NPC Olivia voted for Michael
[2025-12-26T21:49:10.513Z] [Game] Triggering AI Actions for 5 NPCs in phase NIGHT
[2025-12-26T21:49:11.285Z] [AI] Vote Decision for Michael: {"vote":"Olivia"}
[2025-12-26T21:49:11.286Z] [Game] NPC Michael voted for Olivia
[2025-12-26T21:49:13.829Z] [AI] Generating Night Action for Sarah (Jailor)...
[2025-12-26T21:49:14.724Z] [AI] Generating Night Action for Daniel (Lookout)...
[2025-12-26T21:49:15.525Z] [AI] Generating Night Action for Olivia (Investigator)...
[2025-12-26T21:49:15.669Z] [Game] Triggering AI Actions for 5 NPCs in phase DAY_DISCUSS
[2025-12-26T21:49:15.919Z] [AI] Generating Night Action for Emily (Vampire)...
[2025-12-26T21:49:17.143Z] [AI] Generating Night Action for Michael (Vampire)...
[2025-12-26T21:49:18.371Z] [AI] Vote Decision for Sarah: {"vote":"Olivia"}
[2025-12-26T21:49:18.372Z] [Game] NPC Sarah voted for Olivia
[2025-12-26T21:49:18.832Z] [AI] Generating Chat for Olivia...
[2025-12-26T21:49:20.611Z] [AI] Night Action Decision for Daniel: {"action":"LOOKOUT","targetName":"Sarah"}
[2025-12-26T21:49:20.775Z] [AI] Night Action Decision for Emily: {"action":"BITE","targetName":"Daniel"}
[2025-12-26T21:49:21.725Z] [AI] Night Action Decision for Michael: {"action":"BITE","targetName":"Sarah"}
[2025-12-26T21:49:22.342Z] [AI] Chat Message from Olivia: My N2 investigation on Michael showed he is a Vampire. Daniel is a Lookout.
[2025-12-26T21:49:22.342Z] [Game] TTS enabled (elevenlabs), synthesizing for Olivia...
[2025-12-26T21:49:23.140Z] [AI] Night Action Decision for Sarah: {"action":"JAIL","targetName":"Emily"}
[2025-12-26T21:49:23.140Z] [Game] NPC Jailor Sarah jailed Emily
[2025-12-26T21:49:23.298Z] [Game] Sent TTS audio to host for Olivia
[2025-12-26T21:49:24.456Z] [AI] Night Action Decision for Olivia: {"action":"INVESTIGATE","targetName":"Steponas"}
[2025-12-26T21:49:24.579Z] [AI] Generating Chat for Sarah...
[2025-12-26T21:49:27.831Z] [AI] Generating Chat for Daniel...
[2025-12-26T21:49:27.935Z] [Game] Triggering AI Actions for 5 NPCs in phase DAY_VOTE
[2025-12-26T21:49:28.645Z] [AI] Generating Day Vote for Sarah...
[2025-12-26T21:49:29.081Z] [AI] Generating Day Vote for Emily...
[2025-12-26T21:49:29.139Z] [AI] Vote Decision for Daniel: {"vote":"Michael"}
[2025-12-26T21:49:29.139Z] [Game] NPC Daniel voted for Michael
[2025-12-26T21:49:29.623Z] [AI] Generating Day Vote for Daniel...
[2025-12-26T21:49:29.811Z] [AI] Generating Day Vote for Olivia...
[2025-12-26T21:49:29.845Z] [AI] Generating Day Vote for Michael...
[2025-12-26T21:49:30.738Z] [AI] Re-evaluating Vote for Daniel (Currently voting: Michael)...
[2025-12-26T21:49:31.079Z] [AI] Re-evaluating Vote for Sarah (Currently voting: null)...
[2025-12-26T21:49:31.673Z] [AI] Re-evaluating Vote for Olivia (Currently voting: null)...
[2025-12-26T21:49:31.943Z] [AI] Re-evaluating Vote for Emily (Currently voting: null)...
[2025-12-26T21:49:32.144Z] [AI] Re-evaluating Vote for Michael (Currently voting: null)...
[2025-12-26T21:49:38.065Z] [AI] Chat Message from Daniel: Yes, I am a Lookout. N2 I watched Emily, and no one visited her.
[2025-12-26T21:49:38.146Z] [AI] Vote Decision for Olivia: {"vote":"Michael"}
[2025-12-26T21:49:38.146Z] [Game] NPC Olivia voted for Michael
[2025-12-26T21:49:38.646Z] [AI] Chat Message from Sarah: I jailed Michael on N2. He was protected from any bites. Olivia, can you clarify your N2 claim?
[2025-12-26T21:49:39.247Z] [AI] Updated Vote Decision for Olivia: {"vote":"Michael"}
[2025-12-26T21:49:40.060Z] [AI] Vote Decision for Sarah: {"vote":"Michael"}
[2025-12-26T21:49:40.060Z] [Game] NPC Sarah voted for Michael
[2025-12-26T21:49:40.658Z] [AI] Vote Decision for Daniel: {"vote":"Michael"}
[2025-12-26T21:49:42.176Z] [AI] Updated Vote Decision for Daniel: {"vote":"Michael"}
[2025-12-26T21:49:43.023Z] [Game] Triggering AI Actions for 4 NPCs in phase NIGHT
[2025-12-26T21:49:43.178Z] [AI] Vote Decision for Michael: {"vote":"Olivia"}
[2025-12-26T21:49:43.179Z] [Game] NPC Michael voted for Olivia
[2025-12-26T21:49:46.260Z] [AI] Generating Night Action for Daniel (Lookout)...
[2025-12-26T21:49:46.678Z] [AI] Generating Night Action for Sarah (Jailor)...
[2025-12-26T21:49:46.884Z] [AI] Vote Decision for Emily: {"vote":"Olivia"}
[2025-12-26T21:49:46.885Z] [Game] NPC Emily voted for Olivia
[2025-12-26T21:49:47.200Z] [AI] Generating Night Action for Emily (Vampire)...
[2025-12-26T21:49:48.466Z] [AI] Generating Night Action for Olivia (Investigator)...
[2025-12-26T21:49:48.606Z] [AI] Updated Vote Decision for Sarah: {"vote":"Michael"}
[2025-12-26T21:49:52.977Z] [AI] Updated Vote Decision for Michael: {"vote":"Olivia"}
[2025-12-26T21:49:53.461Z] [AI] Night Action Decision for Olivia: {"action":"INVESTIGATE","targetName":"Emily"}
[2025-12-26T21:49:55.979Z] [AI] Night Action Decision for Emily: {"action":"NONE","targetName":null}
[2025-12-26T21:49:56.113Z] [Game] Triggering AI Actions for 4 NPCs in phase DAY_DISCUSS
[2025-12-26T21:49:57.306Z] [AI] Updated Vote Decision for Emily: {"vote":"Michael"}
[2025-12-26T21:49:58.208Z] [AI] Generating Chat for Emily...
[2025-12-26T21:50:00.337Z] [AI] Night Action Decision for Sarah: {"action":"JAIL","targetName":"Steponas"}
[2025-12-26T21:50:00.337Z] [Game] NPC Jailor Sarah jailed Steponas
[2025-12-26T21:50:01.255Z] [Game] Triggering AI Actions for 4 NPCs in phase DAY_VOTE
[2025-12-26T21:50:02.063Z] [AI] Generating Day Vote for Daniel...
[2025-12-26T21:50:02.122Z] [AI] Generating Day Vote for Sarah...
[2025-12-26T21:50:02.192Z] [AI] Generating Day Vote for Olivia...
[2025-12-26T21:50:02.200Z] [AI] Night Action Decision for Daniel: {"action":"LOOKOUT","targetName":"Olivia"}
[2025-12-26T21:50:03.064Z] [AI] Generating Day Vote for Emily...
[2025-12-26T21:50:03.872Z] [Game] Triggering AI Actions for 4 NPCs in phase NIGHT
[2025-12-26T21:50:06.482Z] [AI] Generating Night Action for Daniel (Lookout)...
[2025-12-26T21:50:07.973Z] [AI] Generating Night Action for Olivia (Investigator)...
[2025-12-26T21:50:08.406Z] [AI] Generating Night Action for Emily (Vampire)...
[2025-12-26T21:50:08.482Z] [AI] Generating Night Action for Sarah (Jailor)...
[2025-12-26T21:50:12.401Z] [AI] Vote Decision for Olivia: {"vote":"Emily"}
[2025-12-26T21:50:12.401Z] [Game] NPC Olivia voted for Emily
[2025-12-26T21:50:14.726Z] [AI] Night Action Decision for Sarah: {"action":"JAIL","targetName":"Emily"}
[2025-12-26T21:50:14.727Z] [Game] NPC Jailor Sarah jailed Emily
[2025-12-26T21:50:14.729Z] [Game] Starting NPC Jailor interrogation: Sarah -> Emily
[2025-12-26T21:50:15.738Z] [AI] Chat Message from Emily: I healed Sarah Night 2.
[2025-12-26T21:50:16.601Z] [AI] Night Action Decision for Olivia: {"action":"INVESTIGATE","targetName":"Steponas"}
[2025-12-26T21:50:17.606Z] [AI] Vote Decision for Emily: {"vote":"Sarah"}
[2025-12-26T21:50:17.607Z] [Game] NPC Emily voted for Sarah
[2025-12-26T21:50:17.875Z] [AI] Generating Jailor Interrogation for Sarah...
[2025-12-26T21:50:20.052Z] [AI] Night Action Decision for Emily: {"action":"BITE","targetName":"Sarah"}
[2025-12-26T21:50:21.888Z] [AI] Vote Decision for Daniel: {"vote":"Steponas"}
[2025-12-26T21:50:21.889Z] [Game] NPC Daniel voted for Steponas
[2025-12-26T21:50:22.089Z] [Game] Triggering AI Actions for 4 NPCs in phase DAY_DISCUSS
[2025-12-26T21:50:25.742Z] [AI] Generating Chat for Sarah...
[2025-12-26T21:50:26.358Z] [AI] Generating Chat for Emily...
[2025-12-26T21:50:27.484Z] [AI] Night Action Decision for Daniel: {"action":"LOOKOUT","targetName":"Sarah"}
[2025-12-26T21:50:31.593Z] [AI] Generating Chat for Sarah...
[2025-12-26T21:50:32.520Z] [AI] Vote Decision for Sarah: {"vote":"Daniel"}
[2025-12-26T21:50:32.520Z] [Game] NPC Sarah voted for Daniel
[2025-12-26T21:50:36.552Z] [AI] Generating Chat for Daniel...
[2025-12-26T21:50:37.108Z] [AI] Jailor Message from Sarah: What is your role?
[2025-12-26T21:50:37.225Z] [AI] Chat Message from Sarah: I jailed Emily on Night 6.
[2025-12-26T21:50:37.227Z] [Game] TTS enabled (elevenlabs), synthesizing for Sarah...
[2025-12-26T21:50:39.374Z] [Game] Sent TTS audio to host for Sarah
[2025-12-26T21:50:41.320Z] [AI] Generating Chat for Olivia...
[2025-12-26T21:50:47.305Z] [AI] Chat Message from Daniel: I know Sarah is Jailor; she jailed me N1. I watched her N6; no one visited her.
[2025-12-26T21:50:47.305Z] [Game] TTS enabled (elevenlabs), synthesizing for Daniel...
[2025-12-26T21:50:47.614Z] [AI] Chat Message from Olivia: My N6 investi-result for Steponas is Jester. Emily also showed as Vampire on N5.
[2025-12-26T21:50:47.616Z] [Game] TTS enabled (elevenlabs), synthesizing for Olivia...
[2025-12-26T21:50:48.649Z] [Game] Sent TTS audio to host for Daniel
[2025-12-26T21:50:48.778Z] [AI] Chat Message from Sarah: I was Jailor. I jailed Michael on N2, who was a Vampire. I also jailed Emily last night.
[2025-12-26T21:50:48.779Z] [Game] TTS enabled (elevenlabs), synthesizing for Sarah...
[2025-12-26T21:50:48.795Z] [AI] Generating Chat for Emily...
[2025-12-26T21:50:49.419Z] [Game] Sent TTS audio to host for Olivia
[2025-12-26T21:50:49.930Z] [AI] Chat Message from Emily: Sarah, you jailed me on N4 and N6. What did you conclude about me?
[2025-12-26T21:50:49.931Z] [Game] TTS enabled (elevenlabs), synthesizing for Emily...
[2025-12-26T21:50:50.009Z] [Game] Sent TTS audio to host for Sarah
[2025-12-26T21:50:51.334Z] [Game] Sent TTS audio to host for Emily
[2025-12-26T21:51:13.258Z] [AI] Chat Message from Emily: I was turned N2 after healing Sarah. Olivia's N5 result on me is correct.
[2025-12-26T21:51:13.259Z] [Game] TTS enabled (elevenlabs), synthesizing for Emily...
[2025-12-26T21:51:16.126Z] [Game] Sent TTS audio to host for Emily
[2025-12-26T21:51:42.658Z] [Game] Triggering AI Actions for 4 NPCs in phase DAY_VOTE
[2025-12-26T21:51:43.483Z] [AI] Generating Day Vote for Sarah...
[2025-12-26T21:51:43.505Z] [AI] Generating Day Vote for Daniel...
[2025-12-26T21:51:44.056Z] [AI] Generating Day Vote for Olivia...
[2025-12-26T21:51:44.199Z] [AI] Generating Day Vote for Emily...
[2025-12-26T21:51:53.862Z] [AI] Vote Decision for Olivia: {"vote":"Emily"}
[2025-12-26T21:51:53.862Z] [Game] NPC Olivia voted for Emily
[2025-12-26T21:51:57.761Z] [Game] Triggering AI Actions for 4 NPCs in phase NIGHT
[2025-12-26T21:51:58.032Z] [AI] Vote Decision for Daniel: {"vote":"Emily"}
[2025-12-26T21:51:58.033Z] [Game] NPC Daniel voted for Emily
[2025-12-26T21:52:00.202Z] [AI] Generating Night Action for Daniel (Lookout)...
[2025-12-26T21:52:01.252Z] [AI] Generating Night Action for Emily (Vampire)...
[2025-12-26T21:52:01.420Z] [AI] Generating Night Action for Olivia (Investigator)...
[2025-12-26T21:52:03.350Z] [AI] Generating Night Action for Sarah (Vampire)...
[2025-12-26T21:52:05.190Z] [AI] Night Action Decision for Emily: {"action":"NONE","targetName":null}
[2025-12-26T21:52:07.016Z] [AI] Night Action Decision for Sarah: {"action":"NONE","targetName":null}
[2025-12-26T21:52:08.137Z] [AI] Night Action Decision for Olivia: {"action":"INVESTIGATE","targetName":"Sarah"}