[2025-12-26T21:35:14.811Z] [AI] Generating NPC Profile (nationality: english)...
[2025-12-26T21:35:15.371Z] [AI] Generating NPC Profile (nationality: english)...
[2025-12-26T21:35:15.913Z] [AI] Generating NPC Profile (nationality: english)...
[2025-12-26T21:35:16.453Z] [AI] Generating NPC Profile (nationality: english)...
[2025-12-26T21:35:16.984Z] [AI] Generating NPC Profile (nationality: english)...
[2025-12-26T21:35:19.506Z] [AI] Generated Profile: {"name":"Jessica","gender":"female","personality":"Moderately talkative and generally balanced in trust, but becomes more analytical and assertive when trying to deduce roles.","talkingStyle":"Speaks clearly and directly, using varied sentence structures and a polite but firm tone."}
[2025-12-26T21:35:20.310Z] [AI] Generated Profile: {"name":"Chloe","gender":"female","personality":"A moderately talkative and logical player who approaches discussions with a balanced skepticism, becoming moderately assertive when presenting her findings.","talkingStyle":"She speaks clearly and directly, using thoughtful word choice. Her tone is neutral, and she tends to structure her arguments logically."}
[2025-12-26T21:35:21.005Z] [AI] Generated Profile: {"name":"Olivia","gender":"female","personality":"Moderately talkative, Olivia is a balanced player who trusts reasonably but will be assertive with her logical deductions. She's not easily defensive.","talkingStyle":"Clear and direct, Olivia uses neutral formality, varying sentence length to articulate her thoughts naturally."}
[2025-12-26T21:35:21.455Z] [AI] Generated Profile: {"name":"Sarah","gender":"female","personality":"Moderately talkative and generally trusting, but can become somewhat defensive if directly questioned. Tends to balance intuition with logic.","talkingStyle":"Speaks clearly and politely, with a neutral tone. Direct questions, varying sentence length, avoids excessive jargon."}
[2025-12-26T21:35:21.767Z] [AI] Generated Profile: {"name":"Emily","gender":"female","personality":"A moderately talkative and observant player, generally balanced in trust, but can be assertive and logical when suspicions arise.","talkingStyle":"Clear and direct, she uses varied sentence structures. She asks probing questions and prefers a methodical approach."}
[2025-12-26T21:35:26.223Z] [Game] Assigned fake role Investigator to evil NPC Chloe (Vampire)
[2025-12-26T21:35:26.223Z] [Game] Assigned fake role Investigator to evil NPC Olivia (Jester)
[2025-12-26T21:35:26.225Z] [Game] Triggering AI Actions for 5 NPCs in phase NIGHT
[2025-12-26T21:35:28.720Z] [AI] Generating Night Action for Emily (Lookout)...
[2025-12-26T21:35:28.752Z] [AI] Generating Night Action for Jessica (Doctor)...
[2025-12-26T21:35:28.871Z] [AI] Generating Night Action for Sarah (Investigator)...
[2025-12-26T21:35:30.535Z] [AI] Generating Night Action for Olivia (Jester)...
[2025-12-26T21:35:30.867Z] [AI] Night Action Decision for Jessica: {"action":"NONE","targetName":null}
[2025-12-26T21:35:31.389Z] [AI] Night Action Decision for Sarah: {"action":"INVESTIGATE","targetName":"Chloe"}
[2025-12-26T21:35:31.972Z] [AI] Night Action Decision for Emily: {"action":"LOOKOUT","targetName":"Chloe"}
[2025-12-26T21:35:32.135Z] [AI] Generating Night Action for Chloe (Vampire)...
[2025-12-26T21:35:34.531Z] [AI] Night Action Decision for Olivia: {"action":"INVESTIGATE","targetName":"Chloe"}
[2025-12-26T21:35:35.696Z] [AI] Night Action Decision for Chloe: {"action":"INVESTIGATE","targetName":"Emily"}
[2025-12-26T21:35:35.853Z] [AI] Generating Jail Response for Jessica...
[2025-12-26T21:35:38.685Z] [AI] Jail Response from Jessica: I am the Doctor, Steponas. I protect town. We need my heals. Don't execute me!
[2025-12-26T21:35:52.237Z] [AI] Generating Jail Response for Jessica...
[2025-12-26T21:35:56.268Z] [AI] Jail Response from Jessica: Yes, I will heal you N2! Town needs my heals. We'll win together, Steponas.
[2025-12-26T21:36:01.560Z] [Game] Triggering AI Actions for 5 NPCs in phase DAY_DISCUSS
[2025-12-26T21:36:05.657Z] [AI] Generating Chat for Emily...
[2025-12-26T21:36:09.643Z] [AI] Chat Message from Emily: I was Lookout on Chloe N1. No one visited her.
[2025-12-26T21:36:09.644Z] [Game] TTS enabled (elevenlabs), synthesizing for Emily...
[2025-12-26T21:36:10.238Z] [AI] Generating Chat for Jessica...
[2025-12-26T21:36:10.483Z] [Game] Sent TTS audio to host for Emily
[2025-12-26T21:36:14.936Z] [AI] Generating Chat for Chloe...
[2025-12-26T21:36:16.688Z] [AI] Chat Message from Jessica: I was jailed by Steponas N1, then released.
[2025-12-26T21:36:16.689Z] [Game] TTS enabled (elevenlabs), synthesizing for Jessica...
[2025-12-26T21:36:17.491Z] [Game] Sent TTS audio to host for Jessica
[2025-12-26T21:36:18.524Z] [AI] Chat Message from Chloe: I investigated Emily N1 and found her to be a Lookout. This confirms her claim.
[2025-12-26T21:36:18.525Z] [Game] TTS enabled (elevenlabs), synthesizing for Chloe...
[2025-12-26T21:36:19.406Z] [Game] Sent TTS audio to host for Chloe
[2025-12-26T21:36:22.129Z] [AI] Generating Chat for Olivia...
[2025-12-26T21:36:24.543Z] [AI] Generating Chat for Sarah...
[2025-12-26T21:36:28.859Z] [AI] Generating Chat for Emily...
[2025-12-26T21:36:28.908Z] [AI] Chat Message from Sarah: My N1 investigation on Chloe shows her as a Vampire. This directly contradicts your claim, Chloe.
[2025-12-26T21:36:28.909Z] [Game] TTS enabled (elevenlabs), synthesizing for Sarah...
[2025-12-26T21:36:30.063Z] [Game] Sent TTS audio to host for Sarah
[2025-12-26T21:36:30.069Z] [AI] Chat Message from Olivia: I investigated Chloe N1. She came up as a Vampire.
[2025-12-26T21:36:30.070Z] [Game] TTS enabled (elevenlabs), synthesizing for Olivia...
[2025-12-26T21:36:30.772Z] [Game] Sent TTS audio to host for Olivia
[2025-12-26T21:36:34.766Z] [AI] Chat Message from Emily: Good, Chloe's check aligns. Jessica, why were you jailed N1 by Steponas?
[2025-12-26T21:36:34.767Z] [Game] TTS enabled (elevenlabs), synthesizing for Emily...
[2025-12-26T21:36:35.530Z] [Game] Sent TTS audio to host for Emily
[2025-12-26T21:37:11.041Z] [AI] Generating Chat for Chloe...
[2025-12-26T21:37:12.545Z] [AI] Generating Chat for Sarah...
[2025-12-26T21:37:20.122Z] [AI] Chat Message from Sarah: Olivia and I both found Chloe to be a Vampire. Her Investigator claim is impossible then.
[2025-12-26T21:37:20.123Z] [Game] TTS enabled (elevenlabs), synthesizing for Sarah...
[2025-12-26T21:37:22.124Z] [Game] Sent TTS audio to host for Sarah
[2025-12-26T21:37:26.499Z] [AI] Chat Message from Chloe: My N1 Emily check confirms her Lookout claim. Given only one Investigator exists, Sarah and Olivia's claims on me are impossible to both be true.
[2025-12-26T21:37:26.501Z] [Game] TTS enabled (elevenlabs), synthesizing for Chloe...
[2025-12-26T21:37:28.646Z] [Game] Sent TTS audio to host for Chloe
[2025-12-26T21:38:02.476Z] [Game] Triggering AI Actions for 5 NPCs in phase DAY_VOTE
[2025-12-26T21:38:03.695Z] [AI] Generating Day Vote for Olivia...
[2025-12-26T21:38:03.710Z] [AI] Generating Day Vote for Sarah...
[2025-12-26T21:38:03.929Z] [AI] Generating Day Vote for Jessica...
[2025-12-26T21:38:04.126Z] [AI] Generating Day Vote for Chloe...
[2025-12-26T21:38:04.705Z] [AI] Generating Day Vote for Emily...
[2025-12-26T21:38:12.050Z] [AI] Vote Decision for Sarah: {"vote":"Chloe"}
[2025-12-26T21:38:12.050Z] [Game] NPC Sarah voted for Chloe
[2025-12-26T21:38:13.929Z] [AI] Vote Decision for Emily: {"vote":"Sarah"}
[2025-12-26T21:38:13.930Z] [Game] NPC Emily voted for Sarah
[2025-12-26T21:38:17.581Z] [Game] Triggering AI Actions for 5 NPCs in phase NIGHT
[2025-12-26T21:38:19.992Z] [AI] Generating Night Action for Sarah (Investigator)...
[2025-12-26T21:38:20.213Z] [AI] Generating Night Action for Emily (Lookout)...
[2025-12-26T21:38:20.507Z] [AI] Vote Decision for Jessica: {"vote":"Chloe"}
[2025-12-26T21:38:20.507Z] [Game] NPC Jessica voted for Chloe
[2025-12-26T21:38:20.510Z] [AI] Vote Decision for Olivia: {"vote":"Steponas"}
[2025-12-26T21:38:20.511Z] [Game] NPC Olivia voted for Steponas
[2025-12-26T21:38:20.779Z] [AI] Generating Night Action for Olivia (Jester)...
[2025-12-26T21:38:22.809Z] [AI] Generating Night Action for Chloe (Vampire)...
[2025-12-26T21:38:24.546Z] [AI] Generating Night Action for Jessica (Doctor)...
[2025-12-26T21:38:24.991Z] [AI] Vote Decision for Chloe: {"vote":"Sarah"}
[2025-12-26T21:38:24.991Z] [Game] NPC Chloe voted for Sarah
[2025-12-26T21:38:27.744Z] [AI] Generating Jail Response for Sarah...
[2025-12-26T21:38:28.578Z] [AI] Night Action Decision for Jessica: {"action":"HEAL","targetName":"Steponas"}
[2025-12-26T21:38:29.167Z] [AI] Night Action Decision for Chloe: {"action":"INVESTIGATE","targetName":"Olivia"}
[2025-12-26T21:38:30.492Z] [AI] Night Action Decision for Olivia: {"action":"INVESTIGATE","targetName":"Emily"}
[2025-12-26T21:38:31.686Z] [AI] Night Action Decision for Emily: {"action":"LOOKOUT","targetName":"Jessica"}
[2025-12-26T21:38:31.703Z] [AI] Night Action Decision for Sarah: {"action":"INVESTIGATE","targetName":"Jessica"}
[2025-12-26T21:38:32.185Z] [AI] Jail Response from Sarah: Investigator. I'm innocent. Don't execute Town. We need every good role!
[2025-12-26T21:38:45.757Z] [AI] Generating Jail Response for Sarah...
[2025-12-26T21:38:51.767Z] [AI] Jail Response from Sarah: I checked Chloe N1. She is innocent. We need this info. Don't execute!
[2025-12-26T21:39:14.435Z] [AI] Generating Jail Response for Sarah...
[2025-12-26T21:39:18.046Z] [Game] Triggering AI Actions for 4 NPCs in phase DAY_DISCUSS
[2025-12-26T21:39:19.864Z] [AI] Jail Response from Sarah: I'm Investigator. My info on Chloe is true. Who do *you* suspect? We must compare notes!
[2025-12-26T21:39:20.828Z] [AI] Generating Chat for Jessica...
[2025-12-26T21:39:26.366Z] [AI] Generating Chat for Jessica...
[2025-12-26T21:39:32.039Z] [AI] Generating Chat for Chloe...
[2025-12-26T21:39:33.937Z] [AI] Chat Message from Jessica: I healed Steponas on Night 2. We need to know other roles, quickly.
[2025-12-26T21:39:33.938Z] [Game] TTS enabled (elevenlabs), synthesizing for Jessica...
[2025-12-26T21:39:37.297Z] [Game] Sent TTS audio to host for Jessica
[2025-12-26T21:39:38.530Z] [AI] Chat Message from Jessica: I am Doctor. Steponas jailed me N1, then I healed him N2.
[2025-12-26T21:39:38.530Z] [Game] TTS enabled (elevenlabs), synthesizing for Jessica...
[2025-12-26T21:39:39.169Z] [AI] Generating Chat for Olivia...
[2025-12-26T21:39:39.425Z] [AI] Chat Message from Chloe: Investigated Olivia N2, she's Jester. Emily is Lookout from N1.
[2025-12-26T21:39:39.425Z] [Game] TTS enabled (elevenlabs), synthesizing for Chloe...
[2025-12-26T21:39:39.697Z] [Game] Sent TTS audio to host for Jessica
[2025-12-26T21:39:41.023Z] [Game] Sent TTS audio to host for Chloe
[2025-12-26T21:39:47.726Z] [AI] Chat Message from Olivia: I'm Investigator. N1 I checked Chloe; she's a Vampire.
[2025-12-26T21:39:47.727Z] [Game] TTS enabled (elevenlabs), synthesizing for Olivia...
[2025-12-26T21:39:47.855Z] [AI] Generating Chat for Emily...
[2025-12-26T21:39:49.042Z] [Game] Sent TTS audio to host for Olivia
[2025-12-26T21:39:56.592Z] [AI] Chat Message from Emily: N1 watched Chloe, no visits. N2 watched Jessica, no visits. Chloe, how did you know I was Lookout from N1?
[2025-12-26T21:39:56.593Z] [Game] TTS enabled (elevenlabs), synthesizing for Emily...
[2025-12-26T21:39:59.855Z] [Game] Sent TTS audio to host for Emily