[2025-12-26T20:31:57.310Z] [AI] Generating NPC Profile (nationality: lithuanian)...
[2025-12-26T20:32:03.989Z] [AI] Generated Profile: {"name":"Milda","gender":"female","personality":"A logical thinker who is moderately talkative, balanced in trust, and can become moderately defensive if directly accused.","talkingStyle":"Speaks clearly and directly, valuing logic. Uses varied sentence lengths and a neutral, polite tone, becoming firmer when challenged."}
[2025-12-26T20:32:29.419Z] [Game] Assigned fake role Lookout to evil NPC Milda (Jester)
[2025-12-26T20:32:29.425Z] [Game] Triggering AI Actions for 1 NPCs in phase NIGHT
[2025-12-26T20:32:32.945Z] [AI] Generating Night Action for Milda (Jester)...
[2025-12-26T20:32:35.024Z] [AI] Night Action Decision for Milda: {"action":"NONE","targetName":null}
[2025-12-26T20:33:29.762Z] [Game] Triggering AI Actions for 1 NPCs in phase DAY_DISCUSS
[2025-12-26T20:33:32.088Z] [AI] Generating Chat for Milda...
[2025-12-26T20:33:37.336Z] [AI] Generating Chat for Milda...
[2025-12-26T20:33:46.345Z] [AI] Chat Message from Milda: Aš esu Lookout. Night 1 stebėjau Mykolą. Kadangi VAMPIRE negalėjo kąsti, lankytojų pas jį nepastebėjau. Ar yra Doctor ar Investigator?
[2025-12-26T20:33:46.347Z] [Game] TTS enabled (elevenlabs), synthesizing for Milda...
[2025-12-26T20:33:47.273Z] [AI] Chat Message from Milda: Sveiki. Esu Milda, Lookout. Pirmą naktį niekas nieko neaplankė. Kiti, prašau, pasisakykit.
[2025-12-26T20:33:47.276Z] [Game] TTS enabled (elevenlabs), synthesizing for Milda...
[2025-12-26T20:33:53.027Z] [Game] Sent TTS audio to host for Milda
[2025-12-26T20:33:55.534Z] [Game] Sent TTS audio to host for Milda
[2025-12-26T20:34:34.076Z] [AI] Generating Chat for Milda...
[2025-12-26T20:34:42.270Z] [AI] Chat Message from Milda: Steponai, ką Mykolas turi omenyje sakydamas 'yra laikas'? Prašau patikslinti, tai neaišku.
[2025-12-26T20:34:42.271Z] [Game] TTS enabled (elevenlabs), synthesizing for Milda...
[2025-12-26T20:34:46.968Z] [Game] Sent TTS audio to host for Milda
[2025-12-26T20:35:25.465Z] [AI] Generating Chat for Milda...
[2025-12-26T20:35:30.624Z] [Game] Triggering AI Actions for 1 NPCs in phase DAY_VOTE
[2025-12-26T20:35:32.095Z] [AI] Generating Day Vote for Milda...
[2025-12-26T20:35:33.620Z] [AI] Chat Message from Milda: Steponai, jūsų žinutė yra visiškai neaiški. Kas konkrečiai yra 'kas pastatė'? Ana ir Aleksandras teigia esantys Citizen, ar aš teisingai suprantu? Turime kalbėti tiksliau, kad išvengtume klaidų.