[2025-12-28T16:56:36.787Z] [AI] Generating NPC Profile (nationality: lithuanian)...
[2025-12-28T16:56:38.934Z] [AI] Generating NPC Profile (nationality: lithuanian)...
[2025-12-28T16:56:39.835Z] [AI] Generating NPC Profile (nationality: lithuanian)...
[2025-12-28T16:56:43.127Z] [AI] Generated Profile: {"name":"Ieva","gender":"female","personality":"A moderately talkative and balanced thinker, Ieva leans towards trusting but can become moderately defensive when directly questioned unfairly.","talkingStyle":"Her communication is clear, polite, and neutral in tone, utilizing direct language and natural sentence variation."}
[2025-12-28T16:56:43.217Z] [AI] Generated Profile: {"name":"Gabija","gender":"female","personality":"Moderately talkative and generally trusting, but becomes more analytical and slightly defensive if directly questioned.","talkingStyle":"Speaks with a neutral tone, generally polite, uses clear and moderately varied sentences."}
[2025-12-28T16:56:44.953Z] [AI] Generated Profile: {"name":"Aistė","gender":"female","personality":"Aistė is a moderately talkative player, balanced in trust, and leans logical in her deductions, expressing her views clearly.","talkingStyle":"Direct and polite, uses clear language, and constructs moderately complex sentences to explain her thoughts."}
[2025-12-28T16:57:04.474Z] [Game] Assigned fake role Doctor to evil NPC Ieva (Jester)
[2025-12-28T16:57:04.493Z] [Game] Triggering AI Actions for 3 NPCs in phase NIGHT
[2025-12-28T16:57:07.209Z] [AI] Generating Night Action for Ieva (Jester)...
[2025-12-28T16:57:07.590Z] [AI] Generating Night Action for Aistė (Citizen)...
[2025-12-28T16:57:09.503Z] [AI] Night Action Decision for Ieva: {"action":"NONE","targetName":null}
[2025-12-28T16:57:10.266Z] [AI] Generating Night Action for Gabija (Citizen)...
[2025-12-28T16:57:10.352Z] [AI] Night Action Decision for Aistė: {"action":"NONE","targetName":null}
[2025-12-28T16:57:11.404Z] [AI] Night Action Decision for Gabija: {"action":"NONE","targetName":null}
[2025-12-28T16:57:17.936Z] [AI] Generating Jail Response for Ieva...
[2025-12-28T16:57:23.078Z] [AI] Jail Response from Ieva: Labas! Aš esu Doctor. Esu geras, galiu gydyti žmones.
[2025-12-28T16:57:28.665Z] [AI] Generating Jail Response for Ieva...
[2025-12-28T16:57:33.158Z] [AI] Generating Jail Response for Ieva...
[2025-12-28T16:57:34.326Z] [AI] Jail Response from Ieva: Aš esu Doctor. Turiu 3 heals. Šiandien negaliu, nes esu Jailed.
[2025-12-28T16:57:37.713Z] [AI] Jail Response from Ieva: Kodėl netiki? Esu Doctor, turiu 3 heals. Padėsiu miestui!
[2025-12-28T16:57:55.310Z] [AI] Generating Jail Response for Ieva...
[2025-12-28T16:58:00.149Z] [AI] Jail Response from Ieva: Aš esu Town. Visi Town žaidėjai yra mano pusėje. Aš gydau, padedu miestui!
[2025-12-28T16:58:04.843Z] [AI] Generating Jail Response for Ieva...
[2025-12-28T16:58:04.912Z] [Game] Triggering AI Actions for 3 NPCs in phase DAY_DISCUSS
[2025-12-28T16:58:08.470Z] [AI] Generating Chat for Ieva...
[2025-12-28T16:58:08.866Z] [AI] Jail Response from Ieva: Ačiū! Tikrai tave gydysiu, Bana. Aš esu Doctor, padėsiu Town.
[2025-12-28T16:58:12.421Z] [AI] Generating Chat for Ieva...
[2025-12-28T16:58:13.247Z] [AI] Chat Message from Ieva: Aš esu Doctor. Bana mane įkalino naktį, tad negalėjau nieko gydyti.
[2025-12-28T16:58:13.252Z] [Game] TTS enabled (elevenlabs), synthesizing for Ieva...
[2025-12-28T16:58:16.603Z] [Game] Sent TTS audio to host for Ieva
[2025-12-28T16:58:17.067Z] [AI] Chat Message from Ieva: Aš esu Doctor. Bana mane įkalino naktį, bet paleido. Kodėl?
[2025-12-28T16:58:17.068Z] [Game] TTS enabled (elevenlabs), synthesizing for Ieva...
[2025-12-28T16:58:18.991Z] [AI] Generating Chat for Gabija...
[2025-12-28T16:58:19.675Z] [Game] Sent TTS audio to host for Ieva
[2025-12-28T16:58:22.989Z] [AI] Chat Message from Gabija: Bana, kodėl įkalinai Ieva, jei ji yra Doctor? Koks buvo tavo motyvas?
[2025-12-28T16:58:22.994Z] [Game] TTS enabled (elevenlabs), synthesizing for Gabija...
[2025-12-28T16:58:27.154Z] [Game] Sent TTS audio to host for Gabija
[2025-12-28T16:58:31.119Z] [AI] Generating Chat for Aistė...
[2025-12-28T16:58:37.316Z] [AI] Chat Message from Aistė: Bana, paaiškinkite, kodėl įkalinote Ieva. Jūsų veiksmai atrodo keistai, jei ji yra Doctor.
[2025-12-28T16:58:37.317Z] [Game] TTS enabled (elevenlabs), synthesizing for Aistė...
[2025-12-28T16:58:41.572Z] [Game] Sent TTS audio to host for Aistė
[2025-12-28T16:59:12.120Z] [AI] Generating Chat for Ieva...
[2025-12-28T16:59:21.283Z] [AI] Chat Message from Ieva: Steponai, Marina Vampire? Tai rimta. Bana, kodėl mane įkalinai?
[2025-12-28T16:59:21.301Z] [Game] TTS enabled (elevenlabs), synthesizing for Ieva...
[2025-12-28T16:59:24.479Z] [Game] Sent TTS audio to host for Ieva
[2025-12-28T16:59:28.957Z] [AI] Generating Chat for Gabija...
[2025-12-28T16:59:37.097Z] [AI] Chat Message from Gabija: Steponai, tai svarbi informacija. Kaip Investigator, ar tavo rezultatas parodė 'Vampire' ar 'Vampire Framer'?
[2025-12-28T16:59:37.101Z] [Game] TTS enabled (elevenlabs), synthesizing for Gabija...
[2025-12-28T16:59:40.960Z] [Game] Sent TTS audio to host for Gabija
[2025-12-28T16:59:51.187Z] [AI] Generating Chat for Gabija...
[2025-12-28T16:59:53.675Z] [AI] Generating Chat for Aistė...
[2025-12-28T16:59:57.485Z] [AI] Chat Message from Gabija: Marina, jūsų atsakymas neatrodo įtikinamai, kai Steponas pateikia tokį rimtą kaltinimą.
[2025-12-28T16:59:57.489Z] [Game] TTS enabled (elevenlabs), synthesizing for Gabija...
[2025-12-28T17:00:00.736Z] [Game] Sent TTS audio to host for Gabija
[2025-12-28T17:00:00.921Z] [AI] Chat Message from Aistė: Stepono teiginys apie Marina yra rimtas. Marina, jūsų atsakymas nepakankamas.
[2025-12-28T17:00:00.924Z] [Game] TTS enabled (elevenlabs), synthesizing for Aistė...
[2025-12-28T17:00:03.761Z] [Game] Sent TTS audio to host for Aistė
[2025-12-28T17:00:05.829Z] [Game] Triggering AI Actions for 3 NPCs in phase DAY_VOTE
[2025-12-28T17:00:07.163Z] [AI] Generating Day Vote for Ieva...
[2025-12-28T17:00:07.507Z] [AI] Generating Day Vote for Gabija...
[2025-12-28T17:00:07.697Z] [AI] Generating Day Vote for Aistė...
[2025-12-28T17:00:13.320Z] [AI] Vote Decision for Aistė: {"vote":"Marina"}
[2025-12-28T17:00:13.321Z] [Game] NPC Aistė voted for Marina
[2025-12-28T17:00:15.378Z] [AI] Vote Decision for Gabija: {"vote":"Marina"}
[2025-12-28T17:00:15.378Z] [Game] NPC Gabija voted for Marina
[2025-12-28T17:00:17.711Z] [AI] Vote Decision for Ieva: {"vote":"Goblinas"}
[2025-12-28T17:00:17.711Z] [Game] NPC Ieva voted for Goblinas
[2025-12-28T17:00:19.083Z] [AI] Re-evaluating Vote for Ieva (Currently voting: Goblinas)...
[2025-12-28T17:00:19.832Z] [AI] Re-evaluating Vote for Gabija (Currently voting: Marina)...
[2025-12-28T17:00:20.555Z] [AI] Re-evaluating Vote for Aistė (Currently voting: Marina)...
[2025-12-28T17:00:20.940Z] [Game] Triggering AI Actions for 3 NPCs in phase NIGHT
[2025-12-28T17:00:24.026Z] [AI] Generating Night Action for Ieva (Jester)...
[2025-12-28T17:00:25.765Z] [AI] Generating Night Action for Aistė (Citizen)...
[2025-12-28T17:00:27.276Z] [AI] Updated Vote Decision for Gabija: {"vote":"Marina"}
[2025-12-28T17:00:27.494Z] [AI] Night Action Decision for Aistė: {"action":"NONE","targetName":null}
[2025-12-28T17:00:27.755Z] [AI] Generating Night Action for Gabija (Citizen)...
[2025-12-28T17:00:28.027Z] [AI] Updated Vote Decision for Aistė: {"vote":"Marina"}
[2025-12-28T17:00:28.750Z] [AI] Night Action Decision for Gabija: {"action":"NONE","targetName":null}
[2025-12-28T17:00:33.847Z] [AI] Night Action Decision for Ieva: {"action":"HEAL","targetName":"Ieva"}
[2025-12-28T17:00:34.958Z] [AI] Updated Vote Decision for Ieva: {"vote":null}
[2025-12-28T17:00:35.972Z] [AI] Generating Jail Response for Gabija...
[2025-12-28T17:00:41.151Z] [AI] Jail Response from Gabija: Aš esu Citizen. Tikrai geras. Marina buvo Vampire Framer. Jums reikia surasti Vampire, ne mane.
[2025-12-28T17:00:45.082Z] [AI] Generating Jail Response for Gabija...
[2025-12-28T17:00:50.304Z] [AI] Jail Response from Gabija: Gerai, tylėsiu apie jail. Esu Citizen, padėsiu rasti Vampire.
[2025-12-28T17:00:57.315Z] [AI] Generating Jail Response for Gabija...
[2025-12-28T17:01:02.421Z] [AI] Jail Response from Gabija: Aš Citizen. Gerai, padėsiu rasti Vampire. Turime dirbti kartu.
[2025-12-28T17:01:15.207Z] [AI] Generating Jail Response for Gabija...
[2025-12-28T17:01:18.779Z] [AI] Jail Response from Gabija: Aš Citizen. Žinau, kad negalima sakyti. Ieškokime Vampire. Marina buvo Vampire Framer.
[2025-12-28T17:01:21.488Z] [Game] Triggering AI Actions for 3 NPCs in phase DAY_DISCUSS
[2025-12-28T17:01:23.827Z] [AI] Generating Chat for Aistė...
[2025-12-28T17:01:28.415Z] [AI] Chat Message from Aistė: Gera žinia, kad Doctor išgelbėjo. Kas buvote išgydytas?
[2025-12-28T17:01:28.423Z] [Game] TTS enabled (elevenlabs), synthesizing for Aistė...
[2025-12-28T17:01:30.386Z] [AI] Generating Chat for Ieva...
[2025-12-28T17:01:30.849Z] [Game] Sent TTS audio to host for Aistė
[2025-12-28T17:01:34.635Z] [AI] Chat Message from Ieva: Aš buvau tas Doctor. Išgydžiau save, nes bijojau atakos.
[2025-12-28T17:01:34.638Z] [Game] TTS enabled (elevenlabs), synthesizing for Ieva...
[2025-12-28T17:01:36.200Z] [AI] Generating Chat for Gabija...
[2025-12-28T17:01:37.535Z] [Game] Sent TTS audio to host for Ieva
[2025-12-28T17:01:38.406Z] [AI] Generating Chat for Ieva...
[2025-12-28T17:01:41.518Z] [AI] Generating Chat for Gabija...
[2025-12-28T17:01:42.794Z] [AI] Chat Message from Gabija: Mane praėjusią naktį kalino Bana. Jis mane paleido.
[2025-12-28T17:01:42.795Z] [Game] TTS enabled (elevenlabs), synthesizing for Gabija...
[2025-12-28T17:01:44.251Z] [AI] Chat Message from Ieva: Kaip tai Jester? Aš esu Doctor. Galbūt tavo Investigator informacija klaidinga?
[2025-12-28T17:01:44.256Z] [Game] TTS enabled (elevenlabs), synthesizing for Ieva...
[2025-12-28T17:01:44.651Z] [AI] Generating Chat for Aistė...
[2025-12-28T17:01:45.334Z] [Game] Sent TTS audio to host for Gabija
[2025-12-28T17:01:48.126Z] [Game] Sent TTS audio to host for Ieva
[2025-12-28T17:01:48.924Z] [AI] Chat Message from Gabija: Steponas, ar esi tikras dėl Ieva? Ji teigia esanti Doctor.
[2025-12-28T17:01:48.926Z] [Game] TTS enabled (elevenlabs), synthesizing for Gabija...
[2025-12-28T17:01:51.578Z] [Game] Sent TTS audio to host for Gabija
[2025-12-28T17:01:52.064Z] [AI] Chat Message from Aistė: Marina (Vampire Framer) mirė, tad Stepono info apie Jester neturėtų būti klaidinga. Ieva, ar galite tai paaiškinti?
[2025-12-28T17:01:52.065Z] [Game] TTS enabled (elevenlabs), synthesizing for Aistė...
[2025-12-28T17:01:55.356Z] [AI] Generating Chat for Ieva...
[2025-12-28T17:01:56.493Z] [Game] Sent TTS audio to host for Aistė
[2025-12-28T17:01:56.982Z] [AI] Generating Chat for Gabija...
[2025-12-28T17:02:00.985Z] [AI] Chat Message from Ieva: Aš esu Doctor. Goblinas, kaip tu gali būti Doctor? Tik vienas iš mūsų yra teisus.
[2025-12-28T17:02:00.987Z] [Game] TTS enabled (elevenlabs), synthesizing for Ieva...
[2025-12-28T17:02:05.854Z] [Game] Sent TTS audio to host for Ieva
[2025-12-28T17:02:09.360Z] [AI] Generating Chat for Ieva...
[2025-12-28T17:02:11.272Z] [AI] Generating Chat for Aistė...
[2025-12-28T17:02:11.360Z] [AI] Chat Message from Gabija: Ieva, jei buvote Doctor, kodėl sakote, kad save gydėte, kai buvo išgelbėtas kitas taikinys?
[2025-12-28T17:02:11.363Z] [Game] TTS enabled (elevenlabs), synthesizing for Gabija...
[2025-12-28T17:02:14.628Z] [Game] Sent TTS audio to host for Gabija
[2025-12-28T17:02:20.139Z] [AI] Chat Message from Ieva: Steponas, aš Doctor. Išgydžiau save. Juk Goblinas irgi Doctor, taigi kažkas klysta.
[2025-12-28T17:02:20.144Z] [Game] TTS enabled (elevenlabs), synthesizing for Ieva...
[2025-12-28T17:02:21.130Z] [AI] Chat Message from Aistė: Ieva, jei Steponas teisus, esi Jester. Goblinas, ar tu esi tikras Doctor?
[2025-12-28T17:02:21.135Z] [Game] TTS enabled (elevenlabs), synthesizing for Aistė...
[2025-12-28T17:02:24.401Z] [Game] Sent TTS audio to host for Ieva
[2025-12-28T17:02:24.932Z] [Game] Sent TTS audio to host for Aistė
[2025-12-28T17:02:45.399Z] [AI] Generating Chat for Ieva...
[2025-12-28T17:02:49.671Z] [AI] Generating Chat for Aistė...
[2025-12-28T17:02:55.161Z] [AI] Chat Message from Aistė: Ieva, žaidimo įvykių žurnale rašoma, kad Doctor išgydė kitą taikinį. Tavo teiginys prieštarauja tam.
[2025-12-28T17:02:55.165Z] [Game] TTS enabled (elevenlabs), synthesizing for Aistė...
[2025-12-28T17:02:57.265Z] [AI] Chat Message from Ieva: Aš save gyniausi. Galbūt dar vienas Doctor sėkmingai išgydė kitą asmenį?
[2025-12-28T17:02:57.266Z] [Game] TTS enabled (elevenlabs), synthesizing for Ieva...
[2025-12-28T17:03:00.321Z] [Game] Sent TTS audio to host for Aistė
[2025-12-28T17:03:00.567Z] [Game] Sent TTS audio to host for Ieva
[2025-12-28T17:03:20.250Z] [AI] Generating Chat for Gabija...
[2025-12-28T17:03:22.460Z] [Game] Triggering AI Actions for 3 NPCs in phase DAY_VOTE
[2025-12-28T17:03:23.513Z] [AI] Generating Day Vote for Ieva...
[2025-12-28T17:03:23.725Z] [AI] Generating Day Vote for Gabija...
[2025-12-28T17:03:24.085Z] [AI] Generating Day Vote for Aistė...
[2025-12-28T17:03:32.130Z] [AI] Chat Message from Gabija: Steponai, kodėl teigi, kad Robertas yra Vampire? Man reikia pagrindo.
[2025-12-28T17:03:36.644Z] [AI] Vote Decision for Aistė: {"vote":"Ieva"}
[2025-12-28T17:03:36.644Z] [Game] NPC Aistė voted for Ieva