[2025-12-27T16:43:35.830Z] [AI] Generating NPC Profile (nationality: english)...
[2025-12-27T16:43:36.411Z] [AI] Generating NPC Profile (nationality: english)...
[2025-12-27T16:43:36.995Z] [AI] Generating NPC Profile (nationality: english)...
[2025-12-27T16:43:37.598Z] [AI] Generating NPC Profile (nationality: english)...
[2025-12-27T16:43:38.043Z] [AI] Generating NPC Profile (nationality: english)...
[2025-12-27T16:43:40.621Z] [AI] Generated Profile: {"name":"Olivia","gender":"female","personality":"A moderately talkative player, generally trusting but becomes more analytical when suspicious, and moderately assertive when convictions are strong.","talkingStyle":"Speaks with a clear, neutral tone, polite but direct. Uses varied sentence lengths and often asks clarifying questions."}
[2025-12-27T16:43:41.804Z] [AI] Generated Profile: {"name":"Olivia","gender":"female","personality":"A moderately talkative player, Olivia balances intuition with logic, generally trusting but becoming moderately assertive when making a point.","talkingStyle":"Clear and direct, Olivia uses varied sentence structures. She is generally polite but firm when making a point."}
[2025-12-27T16:43:42.187Z] [AI] Generated Profile: {"name":"Olivia","gender":"female","personality":"A moderately talkative and logical player who is balanced in trust and assertiveness, preferring to analyze facts before speaking.","talkingStyle":"Communicates in a clear, neutral manner, using varied sentence lengths to articulate thoughts and observations precisely."}
[2025-12-27T16:43:42.374Z] [AI] Generated Profile: {"name":"Jessica","gender":"female","personality":"Moderately talkative and analytical, she is generally balanced in her trust, avoiding defensiveness and preferring to assess information carefully.","talkingStyle":"Clear and measured, she uses a neutral, polite tone, often asking specific questions to gather information."}
[2025-12-27T16:43:43.535Z] [AI] Generated Profile: {"name":"Olivia","gender":"female","personality":"Moderately talkative and generally trusting, but becomes quite analytical when suspicious. Fairly assertive when she feels a point needs to be made.","talkingStyle":"Speaks clearly and directly with a neutral tone. Sentences vary in length, often asking probing questions to gather information."}
[2025-12-27T16:43:51.346Z] [AI] Generating NPC Profile (nationality: english)...
[2025-12-27T16:43:52.105Z] [AI] Generating NPC Profile (nationality: english)...
[2025-12-27T16:43:52.815Z] [AI] Generating NPC Profile (nationality: english)...
[2025-12-27T16:43:55.381Z] [AI] Generated Profile: {"name":"Hannah","gender":"female","personality":"Moderately talkative and logical, but can be a bit skeptical. Becomes moderately defensive when unjustly accused.","talkingStyle":"Speaks clearly and directly, often using a neutral tone. Prefers concise statements and asks pointed questions."}
[2025-12-27T16:43:56.849Z] [AI] Generated Profile: {"name":"David","gender":"male","personality":"A logical thinker who's moderately talkative, balanced in trust but can be assertive when making a point.","talkingStyle":"Direct and clear, using complete sentences to present points logically, generally polite."}
[2025-12-27T16:43:57.952Z] [AI] Generated Profile: {"name":"Michael","gender":"male","personality":"A logically inclined player, moderately talkative, who observes others carefully and is cautiously trusting.","talkingStyle":"Communicates clearly and directly, often asking specific questions with a neutral, thoughtful tone."}
[2025-12-27T16:44:11.501Z] [Game] Assigned fake role Investigator to evil NPC Jessica (Vampire)
[2025-12-27T16:44:11.502Z] [Game] Assigned fake role Lookout to evil NPC Michael (Jester)
[2025-12-27T16:44:11.506Z] [Game] Triggering AI Actions for 5 NPCs in phase NIGHT
[2025-12-27T16:44:14.829Z] [AI] Generating Night Action for Olivia (Jailor)...
[2025-12-27T16:44:14.907Z] [AI] Generating Night Action for David (Doctor)...
[2025-12-27T16:44:15.373Z] [AI] Generating Night Action for Jessica (Vampire)...
[2025-12-27T16:44:15.511Z] [AI] Generating Night Action for Hannah (Lookout)...
[2025-12-27T16:44:16.266Z] [AI] Night Action Decision for David: {"action":"NONE","targetName":null}
[2025-12-27T16:44:16.998Z] [AI] Night Action Decision for Olivia: {"action":"JAIL","targetName":"David"}
[2025-12-27T16:44:16.999Z] [Game] NPC Jailor Olivia jailed David
[2025-12-27T16:44:17.002Z] [Game] Starting NPC Jailor interrogation: Olivia -> David
[2025-12-27T16:44:17.702Z] [AI] Night Action Decision for Jessica: {"action":"INVESTIGATE","targetName":"Olivia"}
[2025-12-27T16:44:18.292Z] [AI] Generating Night Action for Michael (Jester)...
[2025-12-27T16:44:18.790Z] [AI] Night Action Decision for Hannah: {"action":"LOOKOUT","targetName":"Steponas"}
[2025-12-27T16:44:19.216Z] [AI] Night Action Decision for Michael: {"action":"NONE","targetName":null}
[2025-12-27T16:44:20.533Z] [AI] Generating Jailor Interrogation for Olivia...
[2025-12-27T16:44:21.581Z] [AI] Jailor Message from Olivia: What's your role, David? What did you do tonight?
[2025-12-27T16:44:21.928Z] [Game] Triggering AI Actions for 5 NPCs in phase DAY_DISCUSS
[2025-12-27T16:44:26.579Z] [AI] Generating Chat for Hannah...
[2025-12-27T16:44:28.868Z] [AI] Chat Message from Hannah: I was Lookout on Steponas. No one visited them last night.
[2025-12-27T16:44:31.703Z] [AI] Generating Chat for Olivia...
[2025-12-27T16:44:33.743Z] [AI] Generating Chat for David...
[2025-12-27T16:44:34.692Z] [AI] Generating Chat for Jessica...
[2025-12-27T16:44:35.774Z] [AI] Chat Message from Olivia: I jailed David last night.
[2025-12-27T16:44:36.924Z] [Game] NPC Olivia is on cooldown, skipping chat response
[2025-12-27T16:44:37.475Z] [AI] Chat Message from Jessica: I investigated Olivia last night. She is a Jailor.
[2025-12-27T16:44:38.233Z] [AI] Chat Message from David: I was jailed by Olivia last night. She released me.
[2025-12-27T16:44:38.692Z] [AI] Generating Chat for Hannah...
[2025-12-27T16:44:45.521Z] [AI] Generating Chat for David...
[2025-12-27T16:44:45.549Z] [AI] Chat Message from Hannah: Olivia and Jessica's claims are consistent. Michael, what did you do N1?
[2025-12-27T16:44:48.777Z] [AI] Generating Chat for Michael...
[2025-12-27T16:44:49.787Z] [AI] Chat Message from David: Jessica's investigation confirms Olivia's role, consistent with my jailing.
[2025-12-27T16:44:58.366Z] [AI] Chat Message from Michael: I watched David N1. I saw Hannah visit him.
[2025-12-27T16:45:04.049Z] [AI] Generating Chat for David...
[2025-12-27T16:45:04.469Z] [AI] Generating Chat for Michael...
[2025-12-27T16:45:08.934Z] [AI] Chat Message from David: I was jailed by Olivia N1. Hannah could not have visited me, Michael.
[2025-12-27T16:45:13.659Z] [Game] NPC David is on cooldown, skipping chat response
[2025-12-27T16:45:14.630Z] [AI] Chat Message from Michael: If David was jailed, how could I see Hannah visit him? This is contradictory.
[2025-12-27T16:45:17.369Z] [AI] Generating Chat for Jessica...
[2025-12-27T16:45:24.001Z] [AI] Chat Message from Jessica: Michael, how do you explain seeing Hannah visit David if he was jailed?
[2025-12-27T16:45:57.462Z] [AI] Generating Chat for Jessica...
[2025-12-27T16:46:01.038Z] [AI] Generating Chat for Michael...
[2025-12-27T16:46:02.293Z] [AI] Generating Chat for Michael...
[2025-12-27T16:46:02.542Z] [AI] Chat Message from Jessica: My N1 investigation on Olivia showed she is the Jailor. This aligns with David's claim, Michael.
[2025-12-27T16:46:04.249Z] [AI] Generating Chat for David...
[2025-12-27T16:46:05.097Z] [AI] Chat Message from Michael: My observation indicated Hannah visiting David. If he was jailed, then my report must be incorrect.
[2025-12-27T16:46:06.960Z] [Game] NPC Jessica is on cooldown, skipping chat response
[2025-12-27T16:46:09.090Z] [AI] Chat Message from Michael: My Lookout reported Hannah visiting David. If David was jailed, then one of these claims is false. Which one?
[2025-12-27T16:46:11.845Z] [AI] Chat Message from David: Michael's claim is impossible given my jailing and Jessica confirming Olivia as Jailor. He is lying.
[2025-12-27T16:46:22.952Z] [Game] Triggering AI Actions for 5 NPCs in phase DAY_VOTE
[2025-12-27T16:46:23.974Z] [AI] Generating Day Vote for Hannah...
[2025-12-27T16:46:24.110Z] [AI] Generating Day Vote for David...
[2025-12-27T16:46:24.356Z] [AI] Generating Day Vote for Olivia...
[2025-12-27T16:46:24.513Z] [AI] Generating Day Vote for Jessica...
[2025-12-27T16:46:24.517Z] [AI] Generating Day Vote for Michael...
[2025-12-27T16:46:29.812Z] [AI] Vote Decision for Jessica: {"vote":"Michael"}
[2025-12-27T16:46:29.813Z] [Game] NPC Jessica voted for Michael
[2025-12-27T16:46:29.867Z] [AI] Vote Decision for Olivia: {"vote":"Michael"}
[2025-12-27T16:46:29.868Z] [Game] NPC Olivia voted for Michael
[2025-12-27T16:46:30.642Z] [AI] Vote Decision for Hannah: {"vote":"Michael"}
[2025-12-27T16:46:30.643Z] [Game] NPC Hannah voted for Michael
[2025-12-27T16:46:31.402Z] [AI] Vote Decision for David: {"vote":"Michael"}
[2025-12-27T16:46:31.403Z] [Game] NPC David voted for Michael