[2025-12-26T21:26:08.692Z] [AI] Generating NPC Profile (nationality: lithuanian)...
[2025-12-26T21:26:15.909Z] [AI] Generated Profile: {"name":"Lukas","gender":"male","personality":"Moderately talkative and logically analytical, Lukas approaches the game with cautious optimism and asserts his points respectfully.","talkingStyle":"Speaks clearly and concisely, using a neutral tone with varying sentence lengths, often asking probing questions."}
[2025-12-26T21:26:17.228Z] [AI] Generating NPC Profile (nationality: lithuanian)...
[2025-12-26T21:26:17.998Z] [AI] Generating NPC Profile (nationality: lithuanian)...
[2025-12-26T21:26:18.641Z] [AI] Generating NPC Profile (nationality: lithuanian)...
[2025-12-26T21:26:19.235Z] [AI] Generating NPC Profile (nationality: lithuanian)...
[2025-12-26T21:26:23.511Z] [AI] Generated Profile: {"name":"Marius","gender":"male","personality":"Moderately talkative and balanced in trust, Marius leans logical but can become moderately defensive when directly questioned.","talkingStyle":"Speaks clearly and directly, using varied sentence structures and polite but firm word choice."}
[2025-12-26T21:26:24.978Z] [AI] Generated Profile: {"name":"Dainius","gender":"male","personality":"A moderately talkative player, Dainius is a logical thinker with a balanced trust level, becoming moderately assertive when presenting his case.","talkingStyle":"Speaks clearly and directly, using varied sentence structures to convey logical arguments politely."}
[2025-12-26T21:26:24.986Z] [AI] Generated Profile: {"name":"Gabija","gender":"female","personality":"Somewhat quiet and analytical, Gabija is cautiously trusting. She speaks her mind assertively but can become mildly defensive when challenged directly.","talkingStyle":"Speaks clearly and directly, using neutral language. She asks polite questions and presents thoughts concisely."}
[2025-12-26T21:26:25.270Z] [AI] Generated Profile: {"name":"Indrė","gender":"female","personality":"A balanced thinker, she's moderately talkative, preferring to analyze before speaking, and can be subtly assertive when presenting her views.","talkingStyle":"Speaks clearly and directly, using thoughtful, moderate-length sentences, leaning towards neutral formality with politeness."}
[2025-12-26T21:26:39.945Z] [Game] Assigned fake role Lookout to evil NPC Marius (Vampire)
[2025-12-26T21:26:39.948Z] [Game] Triggering AI Actions for 5 NPCs in phase NIGHT
[2025-12-26T21:26:42.309Z] [AI] Generating Night Action for Indrė (Investigator)...
[2025-12-26T21:26:42.458Z] [AI] Generating Night Action for Marius (Vampire)...
[2025-12-26T21:26:44.755Z] [AI] Generating Night Action for Dainius (Jailor)...
[2025-12-26T21:26:46.108Z] [AI] Night Action Decision for Indrė: {"action":"INVESTIGATE","targetName":"Marius"}
[2025-12-26T21:26:46.265Z] [AI] Generating Night Action for Lukas (Doctor)...
[2025-12-26T21:26:46.701Z] [AI] Generating Night Action for Gabija (Lookout)...
[2025-12-26T21:26:47.261Z] [AI] Night Action Decision for Lukas: {"action":"NONE","targetName":null}
[2025-12-26T21:26:47.354Z] [AI] Night Action Decision for Dainius: {"action":"JAIL","targetName":"Lukas"}
[2025-12-26T21:26:47.355Z] [Game] NPC Jailor Dainius jailed Lukas
[2025-12-26T21:26:47.357Z] [Game] Starting NPC Jailor interrogation: Dainius -> Lukas
[2025-12-26T21:26:49.909Z] [AI] Generating Jailor Interrogation for Dainius...
[2025-12-26T21:26:50.341Z] [AI] Night Action Decision for Marius: {"action":"LOOKOUT","targetName":"Gabija"}
[2025-12-26T21:26:51.636Z] [AI] Jailor Message from Dainius: Koks tavo vaidmuo?
[2025-12-26T21:26:52.685Z] [AI] Night Action Decision for Gabija: {"action":"LOOKOUT","targetName":"Marius"}
[2025-12-26T21:26:53.325Z] [AI] Generating Jail Response for Lukas...
[2025-12-26T21:26:55.461Z] [AI] Jail Response from Lukas: Aš esu Doctor. Galiu gelbėti miestą. Esu geras, patikėk manimi.
[2025-12-26T21:26:57.712Z] [AI] Generating Jailor Interrogation for Dainius...
[2025-12-26T21:27:00.720Z] [AI] Jailor Message from Dainius: Kam davei healą šiąnakt, Doctor?
[2025-12-26T21:27:02.024Z] [AI] Generating Jail Response for Lukas...
[2025-12-26T21:27:05.307Z] [AI] Jail Response from Lukas: Buvau JAILED, Dainiau. Negalėjau nieko healinti, nes buvau pas tave. Esu Doctor!
[2025-12-26T21:27:08.215Z] [AI] Generating Jailor Interrogation for Dainius...
[2025-12-26T21:27:09.995Z] [Game] Triggering AI Actions for 5 NPCs in phase DAY_DISCUSS
[2025-12-26T21:27:11.039Z] [AI] Jailor Message from Dainius: Jei nebūtum JAILED, ką būtum healinęs šiąnakt?
[2025-12-26T21:27:12.460Z] [AI] Generating Chat for Marius...
[2025-12-26T21:27:15.032Z] [AI] Chat Message from Marius: Aš esu Lookout. Naktį 1 stebėjau Gabiją, niekas jos neaplankė.
[2025-12-26T21:27:15.033Z] [Game] TTS enabled (elevenlabs), synthesizing for Marius...
[2025-12-26T21:27:16.052Z] [AI] Generating Chat for Lukas...
[2025-12-26T21:27:16.641Z] [Game] Sent TTS audio to host for Marius
[2025-12-26T21:27:21.949Z] [AI] Chat Message from Lukas: Marius, kodėl stebėjai Gabiją? Aš buvau įkalintas Dainiaus Naktį 1, bet paleistas.
[2025-12-26T21:27:21.950Z] [Game] TTS enabled (elevenlabs), synthesizing for Lukas...
[2025-12-26T21:27:23.030Z] [AI] Generating Chat for Marius...
[2025-12-26T21:27:23.259Z] [Game] Sent TTS audio to host for Lukas
[2025-12-26T21:27:26.170Z] [AI] Generating Chat for Dainius...
[2025-12-26T21:27:27.280Z] [AI] Chat Message from Marius: Tai buvo atsitiktinis pasirinkimas, Lukas. Ar tu turi tam priežasčių, kodėl klausi?
[2025-12-26T21:27:27.281Z] [Game] TTS enabled (elevenlabs), synthesizing for Marius...
[2025-12-26T21:27:31.620Z] [Game] Sent TTS audio to host for Marius
[2025-12-26T21:27:32.362Z] [AI] Generating Chat for Gabija...
[2025-12-26T21:27:36.049Z] [AI] Chat Message from Dainius: Taip, aš Naktį 1 įkalinau Luką. Jis nieko įtartino nepasakė. Marius, kodėl Gabija?
[2025-12-26T21:27:36.050Z] [Game] TTS enabled (elevenlabs), synthesizing for Dainius...
[2025-12-26T21:27:37.309Z] [Game] Sent TTS audio to host for Dainius
[2025-12-26T21:27:40.101Z] [AI] Chat Message from Gabija: Aš esu Lookout. Naktį 1 stebėjau Marius, niekas jo neaplankė.
[2025-12-26T21:27:40.102Z] [Game] TTS enabled (elevenlabs), synthesizing for Gabija...
[2025-12-26T21:27:40.850Z] [Game] Sent TTS audio to host for Gabija
[2025-12-26T21:27:41.108Z] [AI] Generating Chat for Indrė...
[2025-12-26T21:27:47.419Z] [AI] Chat Message from Indrė: Aš esu Investigator. Naktį 1 tyrinėjau Marius. Rezultatas: Marius yra Vampire.
[2025-12-26T21:27:47.421Z] [Game] TTS enabled (elevenlabs), synthesizing for Indrė...
[2025-12-26T21:27:48.419Z] [Game] Sent TTS audio to host for Indrė
[2025-12-26T21:28:18.112Z] [AI] Generating Chat for Indrė...
[2025-12-26T21:28:21.387Z] [AI] Generating Chat for Gabija...
[2025-12-26T21:28:21.434Z] [AI] Generating Chat for Marius...
[2025-12-26T21:28:27.282Z] [AI] Generating Chat for Indrė...
[2025-12-26T21:28:27.290Z] [AI] Chat Message from Indrė: Steponai, netiesa. Aš esu Investigator ir radau Marius kaip Vampire.
[2025-12-26T21:28:27.292Z] [Game] TTS enabled (elevenlabs), synthesizing for Indrė...
[2025-12-26T21:28:28.184Z] [Game] Sent TTS audio to host for Indrė
[2025-12-26T21:28:29.380Z] [AI] Generating Chat for Gabija...
[2025-12-26T21:28:31.142Z] [AI] Generating Chat for Marius...
[2025-12-26T21:28:31.432Z] [AI] Chat Message from Marius: Indrė, Gabija sako, kad manęs niekas neaplankė. Tai prieštarauja tavo Investigator teiginiui.
[2025-12-26T21:28:31.433Z] [Game] TTS enabled (elevenlabs), synthesizing for Marius...
[2025-12-26T21:28:32.110Z] [AI] Chat Message from Gabija: Marius, aš esu Lookout ir stebėjau tave Naktį 1. Indrės teiginys apie Vampire yra svarbus.
[2025-12-26T21:28:32.112Z] [Game] TTS enabled (elevenlabs), synthesizing for Gabija...
[2025-12-26T21:28:32.275Z] [Game] Sent TTS audio to host for Marius
[2025-12-26T21:28:33.595Z] [Game] Sent TTS audio to host for Gabija
[2025-12-26T21:28:34.180Z] [AI] Chat Message from Indrė: Steponai, aš nemeluoju. Mano Investigator rezultatas yra aiškus: Marius yra Vampire.
[2025-12-26T21:28:34.182Z] [Game] TTS enabled (elevenlabs), synthesizing for Indrė...
[2025-12-26T21:28:35.036Z] [Game] Sent TTS audio to host for Indrė
[2025-12-26T21:28:36.467Z] [AI] Chat Message from Gabija: Indrė, mano Lookout ant Marius Naktį 1 nerodė jokių vizitų. Kaip tai paaiškini?
[2025-12-26T21:28:36.468Z] [Game] TTS enabled (elevenlabs), synthesizing for Gabija...
[2025-12-26T21:28:41.395Z] [AI] Chat Message from Marius: Indre, tai negali būti tiesa. Gabija, kaip Lookout, sako, kad manęs niekas neaplankė.
[2025-12-26T21:28:41.396Z] [Game] TTS enabled (elevenlabs), synthesizing for Marius...
[2025-12-26T21:28:42.094Z] [Game] Sent TTS audio to host for Gabija
[2025-12-26T21:28:42.726Z] [Game] Sent TTS audio to host for Marius