=== GAME NPC CONTEXT MEMORY REPORT ===
Game Code: GOJ8G
Start Time: 2025-12-27T16:53:29.454Z
End Time: 2025-12-27T16:54:47.686Z
Total NPCs: 5

========================================
NPC: Olivia
========================================
Role: Lookout (good)
Status: Alive
Personality: Moderately talkative and balanced, Olivia leans towards trusting others but can become moderately assertive and slightly defensive when challenged directly.
Talking Style: Neutral and polite, she offers clear thoughts with varied sentence lengths, avoiding excessive formality.
Gender: female

ACTION HISTORY (Actions performed BY this NPC):
- Night 1: LOOKOUT on Emily

RECEIVED EVENTS: (No events recorded)

========================================
NPC: Jessica
========================================
Role: Investigator (good)
Status: Alive
Personality: Moderately talkative and generally balanced in her trust, Jessica often relies on her intuition while remaining calm and reasonably analytical under pressure.
Talking Style: Speaks clearly and thoughtfully, using a neutral, slightly casual tone with varied sentence lengths and direct questions.
Gender: female

ACTION HISTORY (Actions performed BY this NPC):
- Night 1: INVESTIGATE on Steponas

RECEIVED EVENTS: (No events recorded)

========================================
NPC: Emily
========================================
Role: Doctor (good)
Status: Alive
Personality: Moderately talkative and generally trusting, she relies on intuition but can be moderately assertive when needed.
Talking Style: Speaks in a clear, neutral tone, often asking thoughtful questions and expressing observations directly.
Gender: female

ACTION HISTORY: (No actions recorded)

RECEIVED EVENTS: (No events recorded)

========================================
NPC: Daniel
========================================
Role: Jailor (good)
Status: Alive
Personality: A logical thinker who's moderately talkative, tends to be slightly skeptical, and can become moderately defensive when directly challenged.
Talking Style: Direct and inquisitive, often asking probing questions in a clear, neutral tone, varying sentence length naturally.
Gender: male

ACTION HISTORY (Actions performed BY this NPC):
- Night 1: JAIL on Steponas

RECEIVED EVENTS: (No events recorded)

========================================
NPC: Sophia
========================================
Role: Jester (neutral)
Status: Alive
Personality: Moderately talkative and logically analytical, Sophia is generally balanced in trust but can be somewhat defensive if cornered.
Talking Style: Speaks clearly and directly, using moderate formality. Often presents reasoned thoughts but can become concise when challenged.
Gender: female
Fake Role (claimed): Citizen

ACTION HISTORY: (No actions recorded)

RECEIVED EVENTS: (No events recorded)

========================================
END OF REPORT
========================================
