[2025-12-27T16:53:31.348Z] [AI] Chat Message from Lukas: Migle, tu jailed mane Naktį 1, bet dabar esi Investigator tyręs Steponą. Tavo istorija nesutampa.
Linai, Miglė investigated Steponas, ne tave. Kaip jai pavyko patvirtinti tavo Doctor rolę?
[2025-12-27T16:53:33.704Z] [AI] Generating NPC Profile (nationality: english)...
[2025-12-27T16:53:34.032Z] [AI] Generating NPC Profile (nationality: english)...
[2025-12-27T16:53:34.359Z] [AI] Generating NPC Profile (nationality: english)...
[2025-12-27T16:53:34.667Z] [AI] Generating NPC Profile (nationality: english)...
[2025-12-27T16:53:34.969Z] [AI] Generating NPC Profile (nationality: english)...
[2025-12-27T16:53:37.972Z] [AI] Generated Profile: {"name":"Olivia","gender":"female","personality":"Moderately talkative and balanced, Olivia leans towards trusting others but can become moderately assertive and slightly defensive when challenged directly.","talkingStyle":"Neutral and polite, she offers clear thoughts with varied sentence lengths, avoiding excessive formality."}
[2025-12-27T16:53:38.456Z] [AI] Generated Profile: {"name":"Jessica","gender":"female","personality":"Moderately talkative and generally balanced in her trust, Jessica often relies on her intuition while remaining calm and reasonably analytical under pressure.","talkingStyle":"Speaks clearly and thoughtfully, using a neutral, slightly casual tone with varied sentence lengths and direct questions."}
[2025-12-27T16:53:39.299Z] [AI] Generated Profile: {"name":"Jessica","gender":"female","personality":"Slightly skeptical and analytical, moderately talkative, but can become defensive if directly singled out or accused.","talkingStyle":"Asks direct questions to gather information. Communicates observations clearly and concisely, maintaining a polite but firm tone."}
[2025-12-27T16:53:40.834Z] [AI] Chat Message from Miglė: Viltė, atsiprašau. Esu Jailor, Naktį 1 jailinau Lukas. Ką sako tavo Investigator rezultatai apie jį?
[2025-12-27T16:53:45.612Z] [AI] Generating NPC Profile (nationality: english)...
[2025-12-27T16:53:46.086Z] [AI] Generating NPC Profile (nationality: english)...
[2025-12-27T16:53:46.444Z] [AI] Generating NPC Profile (nationality: english)...
[2025-12-27T16:53:50.095Z] [AI] Generated Profile: {"name":"Emily","gender":"female","personality":"Moderately talkative and generally trusting, she relies on intuition but can be moderately assertive when needed.","talkingStyle":"Speaks in a clear, neutral tone, often asking thoughtful questions and expressing observations directly."}
[2025-12-27T16:53:51.062Z] [AI] Generated Profile: {"name":"Daniel","gender":"male","personality":"A logical thinker who's moderately talkative, tends to be slightly skeptical, and can become moderately defensive when directly challenged.","talkingStyle":"Direct and inquisitive, often asking probing questions in a clear, neutral tone, varying sentence length naturally."}
[2025-12-27T16:53:51.561Z] [AI] Generated Profile: {"name":"Sophia","gender":"female","personality":"Moderately talkative and logically analytical, Sophia is generally balanced in trust but can be somewhat defensive if cornered.","talkingStyle":"Speaks clearly and directly, using moderate formality. Often presents reasoned thoughts but can become concise when challenged."}
[2025-12-27T16:54:02.406Z] [Game] Assigned fake role Citizen to evil NPC Sophia (Jester)
[2025-12-27T16:54:02.408Z] [Game] Triggering AI Actions for 5 NPCs in phase NIGHT
[2025-12-27T16:54:04.265Z] [Game] Triggering AI Actions for 5 NPCs in phase DAY_DISCUSS
[2025-12-27T16:54:04.775Z] [AI] Generating Night Action for Emily (Doctor)...
[2025-12-27T16:54:05.627Z] [AI] Generating Night Action for Olivia (Lookout)...
[2025-12-27T16:54:06.167Z] [AI] Night Action Decision for Emily: {"action":"NONE","targetName":null}
[2025-12-27T16:54:06.405Z] [AI] Generating Chat for Emily...
[2025-12-27T16:54:06.702Z] [AI] Generating Night Action for Daniel (Jailor)...
[2025-12-27T16:54:08.613Z] [AI] Night Action Decision for Olivia: {"action":"LOOKOUT","targetName":"Emily"}
[2025-12-27T16:54:08.984Z] [AI] Generating Night Action for Jessica (Investigator)...
[2025-12-27T16:54:09.000Z] [AI] Generating Night Action for Sophia (Jester)...
[2025-12-27T16:54:09.359Z] [AI] Night Action Decision for Daniel: {"action":"JAIL","targetName":"Steponas"}
[2025-12-27T16:54:09.359Z] [Game] NPC Jailor Daniel jailed Steponas
[2025-12-27T16:54:09.831Z] [AI] Night Action Decision for Sophia: {"action":"NONE","targetName":null}
[2025-12-27T16:54:10.175Z] [AI] Chat Message from Emily: It's Day 1 and we have no information. Does anyone have any early observations or insights to share?
[2025-12-27T16:54:10.290Z] [AI] Night Action Decision for Jessica: {"action":"INVESTIGATE","targetName":"Steponas"}
[2025-12-27T16:54:12.126Z] [AI] Generating Chat for Olivia...
[2025-12-27T16:54:13.801Z] [AI] Generating Chat for Olivia...
[2025-12-27T16:54:16.125Z] [AI] Chat Message from Olivia: I am Lookout. I watched Emily last night and didn't see anyone visit her.
[2025-12-27T16:54:16.756Z] [AI] Generating Chat for Emily...
[2025-12-27T16:54:17.315Z] [AI] Chat Message from Olivia: I watched Emily last night, and no one visited her.
[2025-12-27T16:54:17.859Z] [AI] Generating Chat for Jessica...
[2025-12-27T16:54:21.932Z] [AI] Generating Chat for Emily...
[2025-12-27T16:54:26.561Z] [AI] Generating Chat for Sophia...
[2025-12-27T16:54:27.759Z] [AI] Chat Message from Jessica: I investigated Steponas last night.
[2025-12-27T16:54:28.002Z] [AI] Chat Message from Emily: Olivia, thank you for watching me; that's helpful information. Steponas, are you asking for role claims?
[2025-12-27T16:54:28.041Z] [Game] NPC Jessica is on cooldown, skipping chat response
[2025-12-27T16:54:29.095Z] [AI] Generating Chat for Daniel...
[2025-12-27T16:54:29.247Z] [AI] Chat Message from Emily: Thanks for the info, Olivia. Steponas, could you clarify what you mean by 'claim your room'?
[2025-12-27T16:54:33.192Z] [AI] Chat Message from Sophia: I am a Citizen. Olivia, watching Emily on N1 isn't very strategic for a Lookout without prior info.
[2025-12-27T16:54:33.746Z] [AI] Chat Message from Daniel: I am Jailor. I jailed Steponas last night.
[2025-12-27T16:54:34.282Z] [Game] NPC Sophia is on cooldown, skipping chat response
[2025-12-27T16:54:42.106Z] [AI] Generating Chat for Olivia...
[2025-12-27T16:54:45.754Z] [AI] Generating Chat for Emily...