[2025-12-26T20:37:43.627Z] [AI] Generating NPC Profile (nationality: lithuanian)...
[2025-12-26T20:37:49.811Z] [AI] Generated Profile: {"name":"Gintarė","gender":"female","personality":"Somewhat cautious and analytical, she prefers to observe dynamics before contributing, but is moderately assertive when she has a strong opinion.","talkingStyle":"Measured and clear, her contributions are direct and to the point, usually avoiding excessive small talk."}
[2025-12-26T20:38:23.418Z] [Game] Assigned fake role Doctor to evil NPC Gintarė (Vampire Framer)
[2025-12-26T20:38:23.421Z] [Game] Triggering AI Actions for 1 NPCs in phase NIGHT
[2025-12-26T20:38:28.433Z] [AI] Generating Night Action for Gintarė (Vampire Framer)...
[2025-12-26T20:38:32.955Z] [AI] Night Action Decision for Gintarė: {"action":"FRAME","targetName":"Robertas"}
[2025-12-26T20:38:39.731Z] [AI] Generating Jail Response for Gintarė...
[2025-12-26T20:38:46.675Z] [AI] Jail Response from Gintarė: Aš esu Doctor. Galiu gydyti žmones ir padėti miestui.
[2025-12-26T20:38:55.504Z] [AI] Generating Jail Response for Gintarė...
[2025-12-26T20:39:01.680Z] [AI] Jail Response from Gintarė: Aš esu Doctor. Jei būsi užpultas N2, aš tave išgydysiu. Pasakyk, jei tau reikės pagalbos.
[2025-12-26T20:39:10.537Z] [AI] Generating Jail Response for Gintarė...
[2025-12-26T20:39:14.959Z] [AI] Generating Jail Response for Gintarė...
[2025-12-26T20:39:15.668Z] [AI] Jail Response from Gintarė: Tikrai, Jailor. Rūpinsiuosi tavimi. N2, jei prireiks, gausi mano heal.
[2025-12-26T20:39:18.916Z] [AI] Jail Response from Gintarė: Gerai, Mykolai. Aš tave gydysiu N2, jei prireiks. Pasitikėk manimi, aš esu Doctor.
[2025-12-26T20:39:23.831Z] [Game] Triggering AI Actions for 1 NPCs in phase DAY_DISCUSS
[2025-12-26T20:39:28.294Z] [AI] Generating Chat for Gintarė...
[2025-12-26T20:39:29.835Z] [AI] Generating Chat for Gintarė...
[2025-12-26T20:39:31.911Z] [AI] Chat Message from Gintarė: Aš esu Doctor. Mykolas mane įkalino Naktį 1, bet paleido.
[2025-12-26T20:39:31.912Z] [Game] TTS enabled (elevenlabs), synthesizing for Gintarė...
[2025-12-26T20:39:35.611Z] [Game] Sent TTS audio to host for Gintarė
[2025-12-26T20:39:43.038Z] [AI] Chat Message from Gintarė: Sveiki. Esu Doctor. Mykolas mane areštavo naktį, todėl negalėjau panaudoti savo gebėjimo.
[2025-12-26T20:39:43.039Z] [Game] TTS enabled (elevenlabs), synthesizing for Gintarė...
[2025-12-26T20:39:47.761Z] [Game] Sent TTS audio to host for Gintarė
[2025-12-26T20:41:08.569Z] [AI] Generating Chat for Gintarė...
[2025-12-26T20:41:17.953Z] [AI] Chat Message from Gintarė: Kaip Ana tai žino?
[2025-12-26T20:41:17.955Z] [Game] TTS enabled (elevenlabs), synthesizing for Gintarė...
[2025-12-26T20:41:19.206Z] [Game] Sent TTS audio to host for Gintarė
[2025-12-26T20:41:24.621Z] [Game] Triggering AI Actions for 1 NPCs in phase DAY_VOTE
[2025-12-26T20:41:25.914Z] [AI] Generating Day Vote for Gintarė...
[2025-12-26T20:41:39.746Z] [Game] Triggering AI Actions for 1 NPCs in phase NIGHT
[2025-12-26T20:41:45.555Z] [AI] Generating Night Action for Gintarė (Vampire Framer)...
[2025-12-26T20:41:55.334Z] [AI] Vote Decision for Gintarė: {"vote":"Ana"}
[2025-12-26T20:41:55.335Z] [Game] NPC Gintarė voted for Ana
[2025-12-26T20:42:40.103Z] [Game] Triggering AI Actions for 1 NPCs in phase DAY_DISCUSS
[2025-12-26T20:42:44.068Z] [AI] Generating Chat for Gintarė...
[2025-12-26T20:42:45.170Z] [AI] Generating Chat for Gintarė...
[2025-12-26T20:42:52.804Z] [AI] Chat Message from Gintarė: Sveiki. Gerai, kad Mykolas nubaudė Ana. Naktį 1 buvau Mykolas uždaryta, todėl negalėjau nieko gyti. Kaip Doctor, pasiruošusi. Ar kas turi informacijos?
[2025-12-26T20:42:52.806Z] [Game] TTS enabled (elevenlabs), synthesizing for Gintarė...
[2025-12-26T20:42:53.639Z] [AI] Chat Message from Gintarė: Laba diena visiems. Mykolas mane Jailed. Aš esu Doctor ir negalėjau panaudoti gebėjimo N1, nes buvau uždaryta. Ana buvo Vampire.
[2025-12-26T20:42:53.640Z] [Game] TTS enabled (elevenlabs), synthesizing for Gintarė...
[2025-12-26T20:42:58.345Z] [Game] Sent TTS audio to host for Gintarė
[2025-12-26T20:42:59.776Z] [Game] Sent TTS audio to host for Gintarė
[2025-12-26T20:44:14.816Z] [Game] Triggering AI Actions for 1 NPCs in phase DAY_VOTE
[2025-12-26T20:44:15.882Z] [AI] Generating Day Vote for Gintarė...
[2025-12-26T20:44:25.948Z] [AI] Vote Decision for Gintarė: {"vote":"Aleksamanas"}
[2025-12-26T20:44:25.948Z] [Game] NPC Gintarė voted for Aleksamanas
[2025-12-26T20:44:28.228Z] [AI] Re-evaluating Vote for Gintarė (Currently voting: Aleksamanas)...