[2025-12-26T20:14:58.979Z] [AI] Generating NPC Profile (nationality: lithuanian)...
[2025-12-26T20:14:59.500Z] [AI] Generating NPC Profile (nationality: lithuanian)...
[2025-12-26T20:14:59.993Z] [AI] Generating NPC Profile (nationality: lithuanian)...
[2025-12-26T20:15:00.419Z] [AI] Generating NPC Profile (nationality: lithuanian)...
[2025-12-26T20:15:00.850Z] [AI] Generating NPC Profile (nationality: lithuanian)...
[2025-12-26T20:15:04.965Z] [AI] Generated Profile: {"name":"Lukas","gender":"male","personality":"Analytical and moderately talkative, Lukas is slightly skeptical but remains laid-back until directly challenged.","talkingStyle":"Uses clear, direct language with varied sentence lengths, generally polite but can be pointed when questioning."}
[2025-12-26T20:15:04.982Z] [AI] Generated Profile: {"name":"Aidas","gender":"male","personality":"A moderately talkative and logical thinker, who remains observant but can become slightly defensive when directly challenged.","talkingStyle":"Prefers clear, direct communication, using precise language and varying sentence structure naturally."}
[2025-12-26T20:15:05.553Z] [AI] Generated Profile: {"name":"Lukas","gender":"male","personality":"A moderately talkative and analytical player, Lukas balances logic with intuition. He's generally balanced in trust, becoming assertive when confident in his reasoning.","talkingStyle":"Clear and direct communication, with natural variations in sentence length. Generally polite, yet firm when asserting a point."}
[2025-12-26T20:15:06.135Z] [AI] Generated Profile: {"name":"Rytis","gender":"male","personality":"A moderately talkative and logical player, Rytis is generally balanced and laid-back, but can be moderately assertive when discussing theories.","talkingStyle":"Speaks clearly and directly, using a neutral tone. Questions are precise, and sentence structure varies naturally."}
[2025-12-26T20:15:06.861Z] [AI] Generated Profile: {"name":"Gabija","gender":"female","personality":"Gabija is a logically analytical player, moderately assertive, and maintains a balanced skepticism. She becomes somewhat defensive when strongly accused.","talkingStyle":"Communicates clearly with precise word choice and varied sentence structures. Her tone is polite but direct."}
[2025-12-26T20:15:16.964Z] [Game] Assigned fake role Doctor to evil NPC Lukas (Vampire)
[2025-12-26T20:15:16.967Z] [Game] Triggering AI Actions for 4 NPCs in phase NIGHT
[2025-12-26T20:15:19.743Z] [AI] Generating Night Action for Aidas (Lookout)...
[2025-12-26T20:15:19.976Z] [AI] Generating Night Action for Gabija (Investigator)...
[2025-12-26T20:15:20.292Z] [AI] Generating Night Action for Rytis (Doctor)...
[2025-12-26T20:15:21.507Z] [AI] Generating Night Action for Lukas (Vampire)...
[2025-12-26T20:15:22.092Z] [AI] Night Action Decision for Rytis: {"action":"NONE","targetName":null}
[2025-12-26T20:15:23.167Z] [AI] Night Action Decision for Gabija: {"action":"INVESTIGATE","targetName":"Steponas"}
[2025-12-26T20:15:24.381Z] [AI] Night Action Decision for Lukas: {"action":"NONE","targetName":null}
[2025-12-26T20:15:25.531Z] [AI] Night Action Decision for Aidas: {"action":"LOOKOUT","targetName":"Lukas"}
[2025-12-26T20:15:29.587Z] [AI] Generating Jail Response for Lukas...
[2025-12-26T20:15:33.219Z] [AI] Jail Response from Lukas: Aš esu Doctor. Galiu išgydyti užpultuosius. Esu naudingas miestui.
[2025-12-26T20:15:53.951Z] [AI] Generating Jail Response for Lukas...
[2025-12-26T20:15:58.544Z] [AI] Jail Response from Lukas: Taip, tu esi Jailor. Aš Doctor, galiu tave išgydyti, jei kas nors tave užpuls.
[2025-12-26T20:16:07.399Z] [AI] Generating Jail Response for Lukas...
[2025-12-26T20:16:10.011Z] [AI] Jail Response from Lukas: Taip, Steponas. Kaip Doctor, galiu tave ginti nuo užpuolimų.
[2025-12-26T20:16:17.439Z] [Game] Triggering AI Actions for 4 NPCs in phase DAY_DISCUSS
[2025-12-26T20:16:20.790Z] [AI] Generating Chat for Rytis...
[2025-12-26T20:16:24.537Z] [AI] Generating Chat for Lukas...
[2025-12-26T20:16:26.383Z] [AI] Chat Message from Rytis: Sveiki. Pirma diena. Penki žaidėjai. Kas norėtų pasisakyti ir pasidalinti savo role, jei esate Town?
[2025-12-26T20:16:32.739Z] [AI] Chat Message from Lukas: Aš esu Doctor. Night 1 buvau jailed Steponas, bet buvau paleistas. Gydžiau, atrodo, niekas nenukentėjo.
[2025-12-26T20:16:33.619Z] [AI] Generating Chat for Aidas...
[2025-12-26T20:16:38.540Z] [AI] Generating Chat for Rytis...
[2025-12-26T20:16:42.733Z] [AI] Generating Chat for Gabija...
[2025-12-26T20:16:42.836Z] [AI] Chat Message from Aidas: Aš esu Lookout. Naktį 1 žiūrėjau Lukas. Jį aplankė Steponas. Lukas, tu negalėjai gydyti, jei buvai jailed.
[2025-12-26T20:16:43.544Z] [AI] Chat Message from Rytis: Lukai, tai įdomu. Aš esu Doctor. Vampyrai negalėjo kąsti Night 1, tad realaus gydymo poreikio nebuvo.
[2025-12-26T20:16:46.376Z] [AI] Chat Message from Gabija: Aš esu Investigator. Night 1 aš patikrinau Steponas ir nustačiau, kad jis yra Jailor.
[2025-12-26T20:17:24.050Z] [AI] Generating Chat for Aidas...
[2025-12-26T20:17:25.971Z] [AI] Generating Chat for Gabija...
[2025-12-26T20:17:28.720Z] [AI] Generating Chat for Rytis...
[2025-12-26T20:17:29.444Z] [AI] Chat Message from Gabija: Ačiū, Steponas. Mano Investigator patvirtino tave kaip Jailor.
[2025-12-26T20:17:32.291Z] [AI] Chat Message from Aidas: Ačiū, Steponai. Mano Lookout rezultatas patvirtina tavo Jailor rolę. Lukas meluoja dėl gydymo.
[2025-12-26T20:17:36.425Z] [AI] Chat Message from Rytis: Lukai, tavo Doctor claimas neatitinka fakto, kad buvai jailed. Aš esu Doctor. Siūlau linčiuoti Lukas.
[2025-12-26T20:17:49.263Z] [AI] Generating Chat for Gabija...
[2025-12-26T20:17:53.078Z] [AI] Generating Chat for Lukas...
[2025-12-26T20:17:58.570Z] [AI] Chat Message from Gabija: Lukas, tavo Doctor teiginys prieštaringas. Buvai jailed. Investigator patvirtina Steponas kaip Jailor.
[2025-12-26T20:18:04.814Z] [AI] Chat Message from Lukas: Atsiprašau dėl klaidos, kadangi buvau jailed, negalėjau gydyti. Visgi esu Doctor. Ryti, ar gali paaiškinti du Doctor?
[2025-12-26T20:18:18.344Z] [Game] Triggering AI Actions for 4 NPCs in phase DAY_VOTE
[2025-12-26T20:18:18.975Z] [AI] Generating Day Vote for Lukas...
[2025-12-26T20:18:19.240Z] [AI] Generating Day Vote for Aidas...
[2025-12-26T20:18:19.557Z] [AI] Generating Day Vote for Rytis...
[2025-12-26T20:18:20.225Z] [AI] Generating Day Vote for Gabija...
[2025-12-26T20:18:28.651Z] [AI] Vote Decision for Gabija: {"vote":"Lukas"}
[2025-12-26T20:18:28.653Z] [Game] NPC Gabija voted for Lukas
[2025-12-26T20:18:29.174Z] [AI] Vote Decision for Rytis: {"vote":"Lukas"}
[2025-12-26T20:18:29.175Z] [Game] NPC Rytis voted for Lukas
[2025-12-26T20:18:29.628Z] [AI] Vote Decision for Aidas: {"vote":"Lukas"}
[2025-12-26T20:18:29.628Z] [Game] NPC Aidas voted for Lukas
[2025-12-26T20:18:35.703Z] [AI] Vote Decision for Lukas: {"vote":"Rytis"}
[2025-12-26T20:18:35.703Z] [Game] NPC Lukas voted for Rytis
[2025-12-26T20:18:37.010Z] [AI] Re-evaluating Vote for Lukas (Currently voting: Rytis)...
[2025-12-26T20:18:37.973Z] [AI] Re-evaluating Vote for Aidas (Currently voting: Lukas)...
[2025-12-26T20:18:38.107Z] [AI] Re-evaluating Vote for Gabija (Currently voting: Lukas)...